[34m[Deprecated Build, Test, and Run/check-for-duplicates] [0mðŸš€  Start image=catthehacker/ubuntu:act-latest
[34m[Deprecated Build, Test, and Run/check-for-duplicates] [0m  ðŸ³  docker run image=catthehacker/ubuntu:act-latest platform= entrypoint=["/usr/bin/tail" "-f" "/dev/null"] cmd=[]
[34m[Deprecated Build, Test, and Run/check-for-duplicates] [0m  ðŸ³  docker exec cmd=[mkdir -m 0777 -p /var/run/act] user=root
[31mERRO[0m[0010] Unable to interpolate string '${{ needs.check-for-duplicates.outputs.should_skip != 'true' }}' - [ReferenceError: 'needs' is not defined] 
[31mERRO[0m[0010] Unable to interpolate string '${{ needs.check-for-duplicates.outputs.should_skip != 'true' }}' - [ReferenceError: 'needs' is not defined] 
[35m[Deprecated Build, Test, and Run/Run-2               ] [0mðŸ§ª  Matrix: map[buildtype:release]
[35m[Deprecated Build, Test, and Run/Run-2               ] [0mðŸš€  Start image=docker.pkg.github.com/frank393/images/cfs_act
[31m[Deprecated Build, Test, and Run/Test-1              ] [0mðŸ§ª  Matrix: map[buildtype:debug]
[31m[Deprecated Build, Test, and Run/Test-1              ] [0mðŸš€  Start image=docker.pkg.github.com/frank393/images/cfs_act
[37m[Deprecated Build, Test, and Run/Test-2              ] [0mðŸ§ª  Matrix: map[buildtype:release]
[37m[Deprecated Build, Test, and Run/Test-2              ] [0mðŸš€  Start image=docker.pkg.github.com/frank393/images/cfs_act
[36m[Deprecated Build, Test, and Run/Run-1               ] [0mðŸ§ª  Matrix: map[buildtype:debug]
[36m[Deprecated Build, Test, and Run/Run-1               ] [0mðŸš€  Start image=docker.pkg.github.com/frank393/images/cfs_act
[35m[Deprecated Build, Test, and Run/Run-2               ] [0m  ðŸ³  docker run image=docker.pkg.github.com/frank393/images/cfs_act platform= entrypoint=["/usr/bin/tail" "-f" "/dev/null"] cmd=[]
[36m[Deprecated Build, Test, and Run/Run-1               ] [0m  ðŸ³  docker run image=docker.pkg.github.com/frank393/images/cfs_act platform= entrypoint=["/usr/bin/tail" "-f" "/dev/null"] cmd=[]
[31m[Deprecated Build, Test, and Run/Test-1              ] [0m  ðŸ³  docker run image=docker.pkg.github.com/frank393/images/cfs_act platform= entrypoint=["/usr/bin/tail" "-f" "/dev/null"] cmd=[]
[37m[Deprecated Build, Test, and Run/Test-2              ] [0m  ðŸ³  docker run image=docker.pkg.github.com/frank393/images/cfs_act platform= entrypoint=["/usr/bin/tail" "-f" "/dev/null"] cmd=[]
[35m[Deprecated Build, Test, and Run/Run-2               ] [0m  ðŸ³  docker exec cmd=[mkdir -m 0777 -p /var/run/act] user=root
[36m[Deprecated Build, Test, and Run/Run-1               ] [0m  ðŸ³  docker exec cmd=[mkdir -m 0777 -p /var/run/act] user=root
[37m[Deprecated Build, Test, and Run/Test-2              ] [0m  ðŸ³  docker exec cmd=[mkdir -m 0777 -p /var/run/act] user=root
[31m[Deprecated Build, Test, and Run/Test-1              ] [0m  ðŸ³  docker exec cmd=[mkdir -m 0777 -p /var/run/act] user=root
[36m[Deprecated Build, Test, and Run/Run-1               ] [0m  ðŸ³  docker cp src=/root/test/cFS/. dst=/root/test/cFS
[36m[Deprecated Build, Test, and Run/Run-1               ] [0m  ðŸ³  docker exec cmd=[mkdir -p /root/test/cFS] user=
[31m[Deprecated Build, Test, and Run/Test-1              ] [0m  ðŸ³  docker cp src=/root/test/cFS/. dst=/root/test/cFS
[31m[Deprecated Build, Test, and Run/Test-1              ] [0m  ðŸ³  docker exec cmd=[mkdir -p /root/test/cFS] user=
[37m[Deprecated Build, Test, and Run/Test-2              ] [0m  ðŸ³  docker cp src=/root/test/cFS/. dst=/root/test/cFS
[37m[Deprecated Build, Test, and Run/Test-2              ] [0m  ðŸ³  docker exec cmd=[mkdir -p /root/test/cFS] user=
[35m[Deprecated Build, Test, and Run/Run-2               ] [0m  ðŸ³  docker cp src=/root/test/cFS/. dst=/root/test/cFS
[35m[Deprecated Build, Test, and Run/Run-2               ] [0m  ðŸ³  docker exec cmd=[mkdir -p /root/test/cFS] user=
[31m[Deprecated Build, Test, and Run/Test-1              ] [0mâ­  Run Install Dependencies
[35m[Deprecated Build, Test, and Run/Run-2               ] [0mâ­  Run Checkout code
[35m[Deprecated Build, Test, and Run/Run-2               ] [0m  âœ…  Success - Checkout code
[31m[Deprecated Build, Test, and Run/Test-1              ] [0m  ðŸ³  docker exec cmd=[bash --noprofile --norc -e -o pipefail /root/test/cFS/workflow/0] user=
[37m[Deprecated Build, Test, and Run/Test-2              ] [0mâ­  Run Install Dependencies
[35m[Deprecated Build, Test, and Run/Run-2               ] [0mâ­  Run Copy sample_defs
[37m[Deprecated Build, Test, and Run/Test-2              ] [0m  ðŸ³  docker exec cmd=[bash --noprofile --norc -e -o pipefail /root/test/cFS/workflow/0] user=
[35m[Deprecated Build, Test, and Run/Run-2               ] [0m  ðŸ³  docker exec cmd=[bash --noprofile --norc -e -o pipefail /root/test/cFS/workflow/1] user=
[36m[Deprecated Build, Test, and Run/Run-1               ] [0mâ­  Run Checkout code
[36m[Deprecated Build, Test, and Run/Run-1               ] [0m  âœ…  Success - Checkout code
[36m[Deprecated Build, Test, and Run/Run-1               ] [0mâ­  Run Copy sample_defs
[36m[Deprecated Build, Test, and Run/Run-1               ] [0m  ðŸ³  docker exec cmd=[bash --noprofile --norc -e -o pipefail /root/test/cFS/workflow/1] user=
[35m[Deprecated Build, Test, and Run/Run-2               ] [0m  âœ…  Success - Copy sample_defs
[35m[Deprecated Build, Test, and Run/Run-2               ] [0mâ­  Run Make Install
[35m[Deprecated Build, Test, and Run/Run-2               ] [0m  ðŸ³  docker exec cmd=[bash --noprofile --norc -e -o pipefail /root/test/cFS/workflow/2] user=
[36m[Deprecated Build, Test, and Run/Run-1               ] [0m  âœ…  Success - Copy sample_defs
[36m[Deprecated Build, Test, and Run/Run-1               ] [0mâ­  Run Make Install
[36m[Deprecated Build, Test, and Run/Run-1               ] [0m  ðŸ³  docker exec cmd=[bash --noprofile --norc -e -o pipefail /root/test/cFS/workflow/2] user=
[35m|[0m mkdir -p "build"
[35m|[0m (cd "build" && cmake  -DCMAKE_INSTALL_PREFIX=/exe -DCMAKE_BUILD_TYPE=release "/root/test/cFS/cfe")
[35m|[0m -- The C compiler identification is GNU 7.5.0
[35m|[0m -- Check for working C compiler: /usr/bin/cc
[36m|[0m mkdir -p "build"
[36m|[0m (cd "build" && cmake  -DCMAKE_INSTALL_PREFIX=/exe -DCMAKE_BUILD_TYPE=debug "/root/test/cFS/cfe")
[35m|[0m -- Check for working C compiler: /usr/bin/cc -- works
[35m|[0m -- Detecting C compiler ABI info
[36m|[0m -- The C compiler identification is GNU 7.5.0
[36m|[0m -- Check for working C compiler: /usr/bin/cc
[35m|[0m -- Detecting C compiler ABI info - done
[35m|[0m -- Detecting C compile features
[36m|[0m -- Check for working C compiler: /usr/bin/cc -- works
[36m|[0m -- Detecting C compiler ABI info
[36m|[0m -- Detecting C compiler ABI info - done
[36m|[0m -- Detecting C compile features
[35m|[0m -- Detecting C compile features - done
[35m|[0m -- Mission configuration sample automatically selected
[35m|[0m -- OMIT_DEPRECATED=false: Deprecated elements included in build
[35m|[0m -- Search path for modules: apps;libs;psp/fsw/modules;cfe/modules
[35m|[0m -- Module 'core_api' found at /root/test/cFS/cfe/modules/core_api
[35m|[0m -- Module 'core_private' found at /root/test/cFS/cfe/modules/core_private
[35m|[0m -- Module 'ci_lab' found at /root/test/cFS/apps/ci_lab
[35m|[0m -- Module 'to_lab' found at /root/test/cFS/apps/to_lab
[35m|[0m -- Module 'sch_lab' found at /root/test/cFS/apps/sch_lab
[35m|[0m -- Module 'cfe_assert' found at /root/test/cFS/cfe/modules/cfe_assert
[35m|[0m -- Module 'sample_app' found at /root/test/cFS/apps/sample_app
[35m|[0m -- Module 'sample_lib' found at /root/test/cFS/apps/sample_lib
[35m|[0m -- Module 'es' found at /root/test/cFS/cfe/modules/es
[35m|[0m -- Module 'evs' found at /root/test/cFS/cfe/modules/evs
[35m|[0m -- Module 'fs' found at /root/test/cFS/cfe/modules/fs
[35m|[0m -- Module 'sb' found at /root/test/cFS/cfe/modules/sb
[35m|[0m -- Module 'tbl' found at /root/test/cFS/cfe/modules/tbl
[35m|[0m -- Module 'time' found at /root/test/cFS/cfe/modules/time
[35m|[0m -- Module 'osal' found at /root/test/cFS/osal
[35m|[0m -- Module 'psp' found at /root/test/cFS/psp
[35m|[0m -- Module 'msg' found at /root/test/cFS/cfe/modules/msg
[35m|[0m -- Module 'sbr' found at /root/test/cFS/cfe/modules/sbr
[35m|[0m -- Module 'resourceid' found at /root/test/cFS/cfe/modules/resourceid
[35m|[0m -- Generated cfe_mission_cfg.h from /root/test/cFS/sample_defs configuration
[35m|[0m -- Generated cfe_perfids.h from /root/test/cFS/sample_defs configuration
[35m|[0m -- Using /root/test/cFS/cfe/modules/msg/option_inc/default_cfe_msg_hdr_pri.h for cfe_msg_hdr.h
[35m|[0m -- Using /root/test/cFS/cfe/modules/msg/option_inc/default_cfe_msg_sechdr.h for cfe_msg_sechdr.h
[35m|[0m -- Using /root/test/cFS/cfe/modules/resourceid/option_inc/cfe_resourceid_simple.h for cfe_resourceid_typedef.h
[35m|[0m -- Configuring for system arch: native/default_cpu1
[35m|[0m -- The C compiler identification is GNU 7.5.0
[35m|[0m -- Check for working C compiler: /usr/bin/cc
[35m|[0m -- Check for working C compiler: /usr/bin/cc -- works
[35m|[0m -- Detecting C compiler ABI info
[36m|[0m -- Detecting C compile features - done
[36m|[0m -- Mission configuration sample automatically selected
[36m|[0m -- OMIT_DEPRECATED=false: Deprecated elements included in build
[36m|[0m -- Search path for modules: apps;libs;psp/fsw/modules;cfe/modules
[36m|[0m -- Module 'core_api' found at /root/test/cFS/cfe/modules/core_api
[36m|[0m -- Module 'core_private' found at /root/test/cFS/cfe/modules/core_private
[36m|[0m -- Module 'ci_lab' found at /root/test/cFS/apps/ci_lab
[36m|[0m -- Module 'to_lab' found at /root/test/cFS/apps/to_lab
[36m|[0m -- Module 'sch_lab' found at /root/test/cFS/apps/sch_lab
[36m|[0m -- Module 'cfe_assert' found at /root/test/cFS/cfe/modules/cfe_assert
[36m|[0m -- Module 'sample_app' found at /root/test/cFS/apps/sample_app
[36m|[0m -- Module 'sample_lib' found at /root/test/cFS/apps/sample_lib
[36m|[0m -- Module 'es' found at /root/test/cFS/cfe/modules/es
[36m|[0m -- Module 'evs' found at /root/test/cFS/cfe/modules/evs
[36m|[0m -- Module 'fs' found at /root/test/cFS/cfe/modules/fs
[36m|[0m -- Module 'sb' found at /root/test/cFS/cfe/modules/sb
[36m|[0m -- Module 'tbl' found at /root/test/cFS/cfe/modules/tbl
[36m|[0m -- Module 'time' found at /root/test/cFS/cfe/modules/time
[36m|[0m -- Module 'osal' found at /root/test/cFS/osal
[36m|[0m -- Module 'psp' found at /root/test/cFS/psp
[36m|[0m -- Module 'msg' found at /root/test/cFS/cfe/modules/msg
[36m|[0m -- Module 'sbr' found at /root/test/cFS/cfe/modules/sbr
[36m|[0m -- Module 'resourceid' found at /root/test/cFS/cfe/modules/resourceid
[36m|[0m -- Generated cfe_mission_cfg.h from /root/test/cFS/sample_defs configuration
[36m|[0m -- Generated cfe_perfids.h from /root/test/cFS/sample_defs configuration
[36m|[0m -- Using /root/test/cFS/cfe/modules/msg/option_inc/default_cfe_msg_hdr_pri.h for cfe_msg_hdr.h
[36m|[0m -- Using /root/test/cFS/cfe/modules/msg/option_inc/default_cfe_msg_sechdr.h for cfe_msg_sechdr.h
[36m|[0m -- Using /root/test/cFS/cfe/modules/resourceid/option_inc/cfe_resourceid_simple.h for cfe_resourceid_typedef.h
[36m|[0m -- Configuring for system arch: native/default_cpu1
[36m|[0m -- The C compiler identification is GNU 7.5.0
[36m|[0m -- Check for working C compiler: /usr/bin/cc
[35m|[0m -- Detecting C compiler ABI info - done
[35m|[0m -- Detecting C compile features
[36m|[0m -- Check for working C compiler: /usr/bin/cc -- works
[36m|[0m -- Detecting C compiler ABI info
[31m|[0m Reading package lists... 0%Reading package lists... 0%Reading package lists... 0%Reading package lists... 6%Reading package lists... 6%Reading package lists... 6%Reading package lists... 6%Reading package lists... 6%Reading package lists... 16%Reading package lists... 30%Reading package lists... 45%Reading package lists... 55%Reading package lists... 56%Reading package lists... 56%Reading package lists... 56%Reading package lists... 56%Reading package lists... 65%Reading package lists... 68%Reading package lists... 68%Reading package lists... 70%Reading package lists... 70%Reading package lists... 79%Reading package lists... 80%Reading package lists... 80%Reading package lists... 80%Reading package lists... 80%Reading package lists... 80%Reading package lists... 80%Reading package lists... 80%Reading package lists... 80%Reading package lists... 90%Reading package lists... 90%Reading package lists... 92%Reading package lists... 92%Reading package lists... 99%Reading package lists... 99%Reading package lists... 99%Reading package lists... 99%Reading package lists... Done
[36m|[0m -- Detecting C compiler ABI info - done
[36m|[0m -- Detecting C compile features
[37m|[0m Reading package lists... 0%Reading package lists... 0%Reading package lists... 0%Reading package lists... 6%Reading package lists... 6%Reading package lists... 6%Reading package lists... 6%Reading package lists... 6%Reading package lists... 12%Reading package lists... 25%Reading package lists... 39%Reading package lists... 50%Reading package lists... 56%Reading package lists... 56%Reading package lists... 56%Reading package lists... 56%Reading package lists... 58%Reading package lists... 68%Reading package lists... 68%Reading package lists... 70%Reading package lists... 70%Reading package lists... 71%Reading package lists... 80%Reading package lists... 80%Reading package lists... 80%Reading package lists... 80%Reading package lists... 80%Reading package lists... 80%Reading package lists... 80%Reading package lists... 80%Reading package lists... 86%Reading package lists... 90%Reading package lists... 90%Reading package lists... 92%Reading package lists... 92%Reading package lists... 99%Reading package lists... 99%Reading package lists... 99%Reading package lists... 99%Reading package lists... Done
[35m|[0m -- Detecting C compile features - done
[35m|[0m -- OMIT_DEPRECATED=false: Deprecated elements included in build
[35m|[0m -- Generated cfe_msgids.h from /root/test/cFS/sample_defs configuration
[35m|[0m -- Generated cfe_platform_cfg.h from /root/test/cFS/sample_defs configuration
[31m|[0m Building dependency tree... 0%Building dependency tree... 0%Building dependency tree... 0%Building dependency tree... 50%Building dependency tree... 50%Building dependency tree... 73%Building dependency tree       
[31m|[0m Reading state information... 0%Reading state information... 0%Reading state information... Done
[31m|[0m lcov is already the newest version (1.13-3).
[35m|[0m -- BSP Selection: generic-linux at /root/test/cFS/osal/src/bsp/generic-linux
[35m|[0m -- OSAL Compile Definitions: SIMULATION=native;_LINUX_OS_;_XOPEN_SOURCE=600
[35m|[0m -- OSAL Selection: posix at /root/test/cFS/osal/src/os/posix
[35m|[0m -- PSP Selection: pc-linux
[35m|[0m -- Building Core Module: core_api
[35m|[0m -- Building Core Module: core_private
[35m|[0m -- Building Core Module: es
[35m|[0m -- Building Core Module: evs
[35m|[0m -- Building Core Module: fs
[35m|[0m -- Building Core Module: sb
[35m|[0m -- Building Core Module: tbl
[35m|[0m -- Building Core Module: time
[35m|[0m -- Building Core Module: psp
[35m|[0m -- Building Core Module: msg
[35m|[0m -- CCSDS primary header included in message header (not including CCSDS extended header)
[35m|[0m -- Message Id version 1 in use (MsgId V1)
[35m|[0m -- Building Core Module: sbr
[35m|[0m -- Using direct map software bus routing implementation
[35m|[0m -- Building Core Module: resourceid
[35m|[0m -- Building Dynamic App: ci_lab targets=cpu1
[35m|[0m -- Building Dynamic App: to_lab targets=cpu1
[35m|[0m NOTE: "TO_LAB_Subs" passed to add_cfe_tables is not a previously-defined application target
[35m|[0m NOTE: Selected /root/test/cFS/apps/to_lab/fsw/tables/to_lab_sub.c as source for TO_LAB_Subs.to_lab_sub on cpu1
[35m|[0m -- Building Dynamic App: sch_lab targets=cpu1
[35m|[0m NOTE: "sch_lab_table" passed to add_cfe_tables is not a previously-defined application target
[35m|[0m NOTE: Selected /root/test/cFS/apps/sch_lab/fsw/tables/sch_lab_table.c as source for sch_lab_table.sch_lab_table on cpu1
[35m|[0m -- Building Dynamic App: cfe_assert targets=cpu1
[35m|[0m -- Building Dynamic App: sample_app targets=cpu1
[35m|[0m NOTE: "sampleAppTable" passed to add_cfe_tables is not a previously-defined application target
[35m|[0m NOTE: Selected /root/test/cFS/apps/sample_app/fsw/tables/sample_app_tbl.c as source for sampleAppTable.sample_app_tbl on cpu1
[35m|[0m -- Building Dynamic App: sample_lib targets=cpu1
[35m|[0m NOTE: Selected /root/test/cFS/sample_defs/cpu1_cfe_es_startup.scr as source for cfe_es_startup.scr on cpu1
[35m|[0m -- Configuring done
[36m|[0m -- Detecting C compile features - done
[36m|[0m -- OMIT_DEPRECATED=false: Deprecated elements included in build
[36m|[0m -- Generated cfe_msgids.h from /root/test/cFS/sample_defs configuration
[36m|[0m -- Generated cfe_platform_cfg.h from /root/test/cFS/sample_defs configuration
[37m|[0m Building dependency tree... 0%Building dependency tree... 0%Building dependency tree... 2%Building dependency tree... 50%Building dependency tree... 50%Building dependency tree... 74%Building dependency tree       
[37m|[0m Reading state information... 0%Reading state information... 0%Reading state information... Done
[36m|[0m -- BSP Selection: generic-linux at /root/test/cFS/osal/src/bsp/generic-linux
[36m|[0m -- OSAL Compile Definitions: SIMULATION=native;_LINUX_OS_;_XOPEN_SOURCE=600
[36m|[0m -- OSAL Selection: posix at /root/test/cFS/osal/src/os/posix
[36m|[0m -- PSP Selection: pc-linux
[36m|[0m -- Building Core Module: core_api
[36m|[0m -- Building Core Module: core_private
[36m|[0m -- Building Core Module: es
[36m|[0m -- Building Core Module: evs
[36m|[0m -- Building Core Module: fs
[36m|[0m -- Building Core Module: sb
[36m|[0m -- Building Core Module: tbl
[36m|[0m -- Building Core Module: time
[36m|[0m -- Building Core Module: psp
[36m|[0m -- Building Core Module: msg
[36m|[0m -- CCSDS primary header included in message header (not including CCSDS extended header)
[36m|[0m -- Message Id version 1 in use (MsgId V1)
[36m|[0m -- Building Core Module: sbr
[36m|[0m -- Using direct map software bus routing implementation
[36m|[0m -- Building Core Module: resourceid
[36m|[0m -- Building Dynamic App: ci_lab targets=cpu1
[36m|[0m -- Building Dynamic App: to_lab targets=cpu1
[37m|[0m lcov is already the newest version (1.13-3).
[36m|[0m NOTE: "TO_LAB_Subs" passed to add_cfe_tables is not a previously-defined application target
[36m|[0m -- Building Dynamic App: sch_lab targets=cpu1
[36m|[0m NOTE: Selected /root/test/cFS/apps/to_lab/fsw/tables/to_lab_sub.c as source for TO_LAB_Subs.to_lab_sub on cpu1
[36m|[0m -- Building Dynamic App: cfe_assert targets=cpu1
[36m|[0m -- Building Dynamic App: sample_app targets=cpu1
[36m|[0m -- Building Dynamic App: sample_lib targets=cpu1
[36m|[0m NOTE: "sch_lab_table" passed to add_cfe_tables is not a previously-defined application target
[36m|[0m NOTE: Selected /root/test/cFS/apps/sch_lab/fsw/tables/sch_lab_table.c as source for sch_lab_table.sch_lab_table on cpu1
[36m|[0m NOTE: "sampleAppTable" passed to add_cfe_tables is not a previously-defined application target
[36m|[0m NOTE: Selected /root/test/cFS/apps/sample_app/fsw/tables/sample_app_tbl.c as source for sampleAppTable.sample_app_tbl on cpu1
[36m|[0m NOTE: Selected /root/test/cFS/sample_defs/cpu1_cfe_es_startup.scr as source for cfe_es_startup.scr on cpu1
[36m|[0m -- Configuring done
[35m|[0m -- Generating done
[35m|[0m -- Build files have been written to: /root/test/cFS/build/native/default_cpu1
[35m|[0m -- Configuring done
[31m|[0m The following packages were automatically installed and are no longer required:
[31m|[0m   curl dirmngr dpkg-dev fakeroot g++-7 gettext-base gnupg gnupg-l10n
[31m|[0m   gnupg-utils gpg gpg-agent gpg-wks-client gpg-wks-server gpgconf gpgsm
[31m|[0m   libalgorithm-diff-perl libalgorithm-diff-xs-perl libalgorithm-merge-perl
[31m|[0m   libassuan0 libcroco3 libdpkg-perl libfakeroot libfile-fcntllock-perl
[35m|[0m -- Generating done
[35m|[0m -- Build files have been written to: /root/test/cFS/build
[31m|[0m   libksba8 liblocale-gettext-perl libnpth0 libstdc++-7-dev pinentry-curses
[31m|[0m Use 'sudo apt autoremove' to remove them.
[35m|[0m echo " -DCMAKE_INSTALL_PREFIX=/exe -DCMAKE_BUILD_TYPE=release" > "build/.prep"
[35m|[0m make --no-print-directory -C "build" DESTDIR="/root/test/cFS/build" mission-install
[31m|[0m 0 upgraded, 0 newly installed, 0 to remove and 4 not upgraded.
[31m[Deprecated Build, Test, and Run/Test-1              ] [0m  âœ…  Success - Install Dependencies
[35m|[0m [35m[1mScanning dependencies of target elf2cfetbl[0m
[36m|[0m -- Generating done
[36m|[0m -- Build files have been written to: /root/test/cFS/build/native/default_cpu1
[35m|[0m [ 50%] [32mBuilding C object tools/elf2cfetbl/CMakeFiles/elf2cfetbl.dir/elf2cfetbl.c.o[0m
[36m|[0m -- Configuring done
[36m|[0m -- Generating done
[36m|[0m -- Build files have been written to: /root/test/cFS/build
[36m|[0m echo " -DCMAKE_INSTALL_PREFIX=/exe -DCMAKE_BUILD_TYPE=debug" > "build/.prep"
[36m|[0m make --no-print-directory -C "build" DESTDIR="/root/test/cFS/build" mission-install
[37m|[0m The following packages were automatically installed and are no longer required:
[37m|[0m   curl dirmngr dpkg-dev fakeroot g++-7 gettext-base gnupg gnupg-l10n
[37m|[0m   gnupg-utils gpg gpg-agent gpg-wks-client gpg-wks-server gpgconf gpgsm
[37m|[0m   libalgorithm-diff-perl libalgorithm-diff-xs-perl libalgorithm-merge-perl
[37m|[0m   libassuan0 libcroco3 libdpkg-perl libfakeroot libfile-fcntllock-perl
[37m|[0m   libksba8 liblocale-gettext-perl libnpth0 libstdc++-7-dev pinentry-curses
[37m|[0m Use 'sudo apt autoremove' to remove them.
[31m[Deprecated Build, Test, and Run/Test-1              ] [0mâ­  Run Checkout code
[31m[Deprecated Build, Test, and Run/Test-1              ] [0m  âœ…  Success - Checkout code
[37m|[0m 0 upgraded, 0 newly installed, 0 to remove and 4 not upgraded.
[36m|[0m [35m[1mScanning dependencies of target elf2cfetbl[0m
[37m[Deprecated Build, Test, and Run/Test-2              ] [0m  âœ…  Success - Install Dependencies
[36m|[0m [ 50%] [32mBuilding C object tools/elf2cfetbl/CMakeFiles/elf2cfetbl.dir/elf2cfetbl.c.o[0m
[31m[Deprecated Build, Test, and Run/Test-1              ] [0mâ­  Run Copy Files
[37m[Deprecated Build, Test, and Run/Test-2              ] [0mâ­  Run Checkout code
[37m[Deprecated Build, Test, and Run/Test-2              ] [0m  âœ…  Success - Checkout code
[36m|[0m [100%] [32m[1mLinking C executable elf2cfetbl[0m
[31m[Deprecated Build, Test, and Run/Test-1              ] [0m  ðŸ³  docker exec cmd=[bash --noprofile --norc -e -o pipefail /root/test/cFS/workflow/2] user=
[36m|[0m [100%] Built target elf2cfetbl
[36m|[0m [35m[1mScanning dependencies of target cfe-module-version[0m
[36m|[0m inside get_version for MISSION
[36m|[0m inside get_version for core_api
[37m[Deprecated Build, Test, and Run/Test-2              ] [0mâ­  Run Copy Files
[37m[Deprecated Build, Test, and Run/Test-2              ] [0m  ðŸ³  docker exec cmd=[bash --noprofile --norc -e -o pipefail /root/test/cFS/workflow/2] user=
[36m|[0m inside get_version for core_private
[36m|[0m inside get_version for ci_lab
[36m|[0m inside get_version for to_lab
[36m|[0m inside get_version for sch_lab
[36m|[0m inside get_version for cfe_assert
[36m|[0m inside get_version for sample_app
[36m|[0m inside get_version for sample_lib
[36m|[0m inside get_version for es
[36m|[0m inside get_version for evs
[36m|[0m inside get_version for fs
[36m|[0m inside get_version for sb
[36m|[0m inside get_version for tbl
[35m|[0m [100%] [32m[1mLinking C executable elf2cfetbl[0m
[36m|[0m inside get_version for time
[36m|[0m inside get_version for osal
[36m|[0m inside get_version for psp
[35m|[0m [100%] Built target elf2cfetbl
[36m|[0m inside get_version for msg
[36m|[0m inside get_version for sbr
[35m|[0m [35m[1mScanning dependencies of target cfe-module-version[0m
[36m|[0m inside get_version for resourceid
[35m|[0m inside get_version for MISSION
[35m|[0m inside get_version for core_api
[36m|[0m [100%] Built target cfe-module-version
[36m|[0m [35m[1mScanning dependencies of target cfe-build-env[0m
[35m|[0m inside get_version for core_private
[36m|[0m [100%] Built target cfe-build-env
[35m|[0m inside get_version for ci_lab
[35m|[0m inside get_version for to_lab
[31m[Deprecated Build, Test, and Run/Test-1              ] [0m  âœ…  Success - Copy Files
[35m|[0m inside get_version for sch_lab
[35m|[0m inside get_version for cfe_assert
[36m|[0m [35m[1mScanning dependencies of target mission-version[0m
[35m|[0m inside get_version for sample_app
[35m|[0m inside get_version for sample_lib
[35m|[0m inside get_version for es
[36m|[0m [100%] Built target mission-version
[35m|[0m inside get_version for evs
[35m|[0m inside get_version for fs
[31m[Deprecated Build, Test, and Run/Test-1              ] [0mâ­  Run Make
[36m|[0m [35m[1mScanning dependencies of target mission-prebuild[0m
[35m|[0m inside get_version for sb
[37m[Deprecated Build, Test, and Run/Test-2              ] [0m  âœ…  Success - Copy Files
[35m|[0m inside get_version for tbl
[36m|[0m [100%] Built target mission-prebuild
[31m[Deprecated Build, Test, and Run/Test-1              ] [0m  ðŸ³  docker exec cmd=[bash --noprofile --norc -e -o pipefail /root/test/cFS/workflow/3] user=
[36m|[0m [35m[1mScanning dependencies of target native_default_cpu1-install[0m
[35m|[0m inside get_version for time
[36m|[0m [35m[1mScanning dependencies of target osal_posix_impl[0m
[37m[Deprecated Build, Test, and Run/Test-2              ] [0mâ­  Run Make
[35m|[0m inside get_version for osal
[37m[Deprecated Build, Test, and Run/Test-2              ] [0m  ðŸ³  docker exec cmd=[bash --noprofile --norc -e -o pipefail /root/test/cFS/workflow/3] user=
[36m|[0m [  0%] [32mBuilding C object osal/posix_impl/CMakeFiles/osal_posix_impl.dir/src/os-impl-binsem.c.o[0m
[35m|[0m inside get_version for psp
[35m|[0m inside get_version for msg
[35m|[0m inside get_version for sbr
[35m|[0m inside get_version for resourceid
[35m|[0m [100%] Built target cfe-module-version
[35m|[0m [35m[1mScanning dependencies of target cfe-build-env[0m
[36m|[0m [  0%] [32mBuilding C object osal/posix_impl/CMakeFiles/osal_posix_impl.dir/src/os-impl-common.c.o[0m
[35m|[0m [100%] Built target cfe-build-env
[35m|[0m [35m[1mScanning dependencies of target mission-version[0m
[35m|[0m [100%] Built target mission-version
[35m|[0m [35m[1mScanning dependencies of target mission-prebuild[0m
[36m|[0m [  1%] [32mBuilding C object osal/posix_impl/CMakeFiles/osal_posix_impl.dir/src/os-impl-console.c.o[0m
[35m|[0m [100%] Built target mission-prebuild
[35m|[0m [35m[1mScanning dependencies of target native_default_cpu1-install[0m
[31m|[0m mkdir -p "build"
[31m|[0m (cd "build" && cmake  -DCMAKE_INSTALL_PREFIX=/exe -DCMAKE_BUILD_TYPE=debug "/root/test/cFS/cfe")
[36m|[0m [  1%] [32mBuilding C object osal/posix_impl/CMakeFiles/osal_posix_impl.dir/src/os-impl-countsem.c.o[0m
[35m|[0m [35m[1mScanning dependencies of target osal_posix_impl[0m
[37m|[0m mkdir -p "build"
[37m|[0m (cd "build" && cmake  -DCMAKE_INSTALL_PREFIX=/exe -DCMAKE_BUILD_TYPE=release "/root/test/cFS/cfe")
[35m|[0m [  0%] [32mBuilding C object osal/posix_impl/CMakeFiles/osal_posix_impl.dir/src/os-impl-binsem.c.o[0m
[36m|[0m [  2%] [32mBuilding C object osal/posix_impl/CMakeFiles/osal_posix_impl.dir/src/os-impl-dirs.c.o[0m
[31m|[0m -- The C compiler identification is GNU 7.5.0
[31m|[0m -- Check for working C compiler: /usr/bin/cc
[37m|[0m -- The C compiler identification is GNU 7.5.0
[37m|[0m -- Check for working C compiler: /usr/bin/cc
[35m|[0m [  0%] [32mBuilding C object osal/posix_impl/CMakeFiles/osal_posix_impl.dir/src/os-impl-common.c.o[0m
[36m|[0m [  2%] [32mBuilding C object osal/posix_impl/CMakeFiles/osal_posix_impl.dir/src/os-impl-errors.c.o[0m
[31m|[0m -- Check for working C compiler: /usr/bin/cc -- works
[31m|[0m -- Detecting C compiler ABI info
[36m|[0m [  3%] [32mBuilding C object osal/posix_impl/CMakeFiles/osal_posix_impl.dir/src/os-impl-files.c.o[0m
[35m|[0m [  1%] [32mBuilding C object osal/posix_impl/CMakeFiles/osal_posix_impl.dir/src/os-impl-console.c.o[0m
[37m|[0m -- Check for working C compiler: /usr/bin/cc -- works
[37m|[0m -- Detecting C compiler ABI info
[36m|[0m [  3%] [32mBuilding C object osal/posix_impl/CMakeFiles/osal_posix_impl.dir/src/os-impl-filesys.c.o[0m
[35m|[0m [  1%] [32mBuilding C object osal/posix_impl/CMakeFiles/osal_posix_impl.dir/src/os-impl-countsem.c.o[0m
[31m|[0m -- Detecting C compiler ABI info - done
[31m|[0m -- Detecting C compile features
[36m|[0m [  5%] [32mBuilding C object osal/posix_impl/CMakeFiles/osal_posix_impl.dir/src/os-impl-heap.c.o[0m
[35m|[0m [  2%] [32mBuilding C object osal/posix_impl/CMakeFiles/osal_posix_impl.dir/src/os-impl-dirs.c.o[0m
[37m|[0m -- Detecting C compiler ABI info - done
[37m|[0m -- Detecting C compile features
[36m|[0m [  5%] [32mBuilding C object osal/posix_impl/CMakeFiles/osal_posix_impl.dir/src/os-impl-idmap.c.o[0m
[35m|[0m [  2%] [32mBuilding C object osal/posix_impl/CMakeFiles/osal_posix_impl.dir/src/os-impl-errors.c.o[0m
[35m|[0m [  3%] [32mBuilding C object osal/posix_impl/CMakeFiles/osal_posix_impl.dir/src/os-impl-files.c.o[0m
[36m|[0m [  6%] [32mBuilding C object osal/posix_impl/CMakeFiles/osal_posix_impl.dir/src/os-impl-mutex.c.o[0m
[35m|[0m [  3%] [32mBuilding C object osal/posix_impl/CMakeFiles/osal_posix_impl.dir/src/os-impl-filesys.c.o[0m
[36m|[0m [  6%] [32mBuilding C object osal/posix_impl/CMakeFiles/osal_posix_impl.dir/src/os-impl-queues.c.o[0m
[35m|[0m [  5%] [32mBuilding C object osal/posix_impl/CMakeFiles/osal_posix_impl.dir/src/os-impl-heap.c.o[0m
[37m|[0m -- Detecting C compile features - done
[31m|[0m -- Detecting C compile features - done
[31m|[0m -- Mission configuration sample automatically selected
[31m|[0m -- OMIT_DEPRECATED=false: Deprecated elements included in build
[31m|[0m -- Search path for modules: apps;libs;psp/fsw/modules;cfe/modules
[31m|[0m -- Module 'core_api' found at /root/test/cFS/cfe/modules/core_api
[31m|[0m -- Module 'core_private' found at /root/test/cFS/cfe/modules/core_private
[31m|[0m -- Module 'ci_lab' found at /root/test/cFS/apps/ci_lab
[31m|[0m -- Module 'to_lab' found at /root/test/cFS/apps/to_lab
[31m|[0m -- Module 'sch_lab' found at /root/test/cFS/apps/sch_lab
[37m|[0m -- Mission configuration sample automatically selected
[31m|[0m -- Module 'cfe_assert' found at /root/test/cFS/cfe/modules/cfe_assert
[31m|[0m -- Module 'sample_app' found at /root/test/cFS/apps/sample_app
[31m|[0m -- Module 'sample_lib' found at /root/test/cFS/apps/sample_lib
[31m|[0m -- Module 'es' found at /root/test/cFS/cfe/modules/es
[31m|[0m -- Module 'evs' found at /root/test/cFS/cfe/modules/evs
[37m|[0m -- OMIT_DEPRECATED=false: Deprecated elements included in build
[31m|[0m -- Module 'fs' found at /root/test/cFS/cfe/modules/fs
[31m|[0m -- Module 'sb' found at /root/test/cFS/cfe/modules/sb
[37m|[0m -- Search path for modules: apps;libs;psp/fsw/modules;cfe/modules
[31m|[0m -- Module 'tbl' found at /root/test/cFS/cfe/modules/tbl
[37m|[0m -- Module 'core_api' found at /root/test/cFS/cfe/modules/core_api
[37m|[0m -- Module 'core_private' found at /root/test/cFS/cfe/modules/core_private
[31m|[0m -- Module 'time' found at /root/test/cFS/cfe/modules/time
[37m|[0m -- Module 'ci_lab' found at /root/test/cFS/apps/ci_lab
[37m|[0m -- Module 'to_lab' found at /root/test/cFS/apps/to_lab
[31m|[0m -- Module 'osal' found at /root/test/cFS/osal
[37m|[0m -- Module 'sch_lab' found at /root/test/cFS/apps/sch_lab
[37m|[0m -- Module 'cfe_assert' found at /root/test/cFS/cfe/modules/cfe_assert
[37m|[0m -- Module 'sample_app' found at /root/test/cFS/apps/sample_app
[31m|[0m -- Module 'psp' found at /root/test/cFS/psp
[37m|[0m -- Module 'sample_lib' found at /root/test/cFS/apps/sample_lib
[31m|[0m -- Module 'msg' found at /root/test/cFS/cfe/modules/msg
[37m|[0m -- Module 'es' found at /root/test/cFS/cfe/modules/es
[37m|[0m -- Module 'evs' found at /root/test/cFS/cfe/modules/evs
[31m|[0m -- Module 'sbr' found at /root/test/cFS/cfe/modules/sbr
[37m|[0m -- Module 'fs' found at /root/test/cFS/cfe/modules/fs
[37m|[0m -- Module 'sb' found at /root/test/cFS/cfe/modules/sb
[31m|[0m -- Module 'resourceid' found at /root/test/cFS/cfe/modules/resourceid
[31m|[0m -- Generated cfe_mission_cfg.h from /root/test/cFS/sample_defs configuration
[37m|[0m -- Module 'tbl' found at /root/test/cFS/cfe/modules/tbl
[37m|[0m -- Module 'time' found at /root/test/cFS/cfe/modules/time
[37m|[0m -- Module 'osal' found at /root/test/cFS/osal
[37m|[0m -- Module 'psp' found at /root/test/cFS/psp
[37m|[0m -- Module 'msg' found at /root/test/cFS/cfe/modules/msg
[37m|[0m -- Module 'sbr' found at /root/test/cFS/cfe/modules/sbr
[37m|[0m -- Module 'resourceid' found at /root/test/cFS/cfe/modules/resourceid
[37m|[0m -- Generated cfe_mission_cfg.h from /root/test/cFS/sample_defs configuration
[37m|[0m -- Generated cfe_perfids.h from /root/test/cFS/sample_defs configuration
[37m|[0m -- Using /root/test/cFS/cfe/modules/msg/option_inc/default_cfe_msg_hdr_pri.h for cfe_msg_hdr.h
[31m|[0m -- Generated cfe_perfids.h from /root/test/cFS/sample_defs configuration
[37m|[0m -- Using /root/test/cFS/cfe/modules/msg/option_inc/default_cfe_msg_sechdr.h for cfe_msg_sechdr.h
[31m|[0m -- Using /root/test/cFS/cfe/modules/msg/option_inc/default_cfe_msg_hdr_pri.h for cfe_msg_hdr.h
[31m|[0m -- Using /root/test/cFS/cfe/modules/msg/option_inc/default_cfe_msg_sechdr.h for cfe_msg_sechdr.h
[31m|[0m -- Using /root/test/cFS/cfe/modules/resourceid/option_inc/cfe_resourceid_simple.h for cfe_resourceid_typedef.h
[31m|[0m -- Configuring for system arch: native/default_cpu1
[37m|[0m -- Using /root/test/cFS/cfe/modules/resourceid/option_inc/cfe_resourceid_simple.h for cfe_resourceid_typedef.h
[37m|[0m -- Configuring for system arch: native/default_cpu1
[36m|[0m [  6%] [32mBuilding C object osal/posix_impl/CMakeFiles/osal_posix_impl.dir/src/os-impl-tasks.c.o[0m
[31m|[0m -- The C compiler identification is GNU 7.5.0
[31m|[0m -- Check for working C compiler: /usr/bin/cc
[35m|[0m [  5%] [32mBuilding C object osal/posix_impl/CMakeFiles/osal_posix_impl.dir/src/os-impl-idmap.c.o[0m
[37m|[0m -- The C compiler identification is GNU 7.5.0
[37m|[0m -- Check for working C compiler: /usr/bin/cc
[36m|[0m [  7%] [32mBuilding C object osal/posix_impl/CMakeFiles/osal_posix_impl.dir/src/os-impl-timebase.c.o[0m
[31m|[0m -- Check for working C compiler: /usr/bin/cc -- works
[31m|[0m -- Detecting C compiler ABI info
[35m|[0m [  6%] [32mBuilding C object osal/posix_impl/CMakeFiles/osal_posix_impl.dir/src/os-impl-mutex.c.o[0m
[37m|[0m -- Check for working C compiler: /usr/bin/cc -- works
[37m|[0m -- Detecting C compiler ABI info
[36m|[0m [  7%] [32mBuilding C object osal/posix_impl/CMakeFiles/osal_posix_impl.dir/__/portable/os-impl-posix-gettime.c.o[0m
[31m|[0m -- Detecting C compiler ABI info - done
[31m|[0m -- Detecting C compile features
[36m|[0m [  8%] [32mBuilding C object osal/posix_impl/CMakeFiles/osal_posix_impl.dir/__/portable/os-impl-console-bsp.c.o[0m
[35m|[0m [  6%] [32mBuilding C object osal/posix_impl/CMakeFiles/osal_posix_impl.dir/src/os-impl-queues.c.o[0m
[36m|[0m [  8%] [32mBuilding C object osal/posix_impl/CMakeFiles/osal_posix_impl.dir/__/portable/os-impl-bsd-select.c.o[0m
[37m|[0m -- Detecting C compiler ABI info - done
[37m|[0m -- Detecting C compile features
[36m|[0m [ 10%] [32mBuilding C object osal/posix_impl/CMakeFiles/osal_posix_impl.dir/__/portable/os-impl-posix-io.c.o[0m
[35m|[0m [  6%] [32mBuilding C object osal/posix_impl/CMakeFiles/osal_posix_impl.dir/src/os-impl-tasks.c.o[0m
[36m|[0m [ 10%] [32mBuilding C object osal/posix_impl/CMakeFiles/osal_posix_impl.dir/__/portable/os-impl-posix-files.c.o[0m
[36m|[0m [ 11%] [32mBuilding C object osal/posix_impl/CMakeFiles/osal_posix_impl.dir/__/portable/os-impl-posix-dirs.c.o[0m
[35m|[0m [  7%] [32mBuilding C object osal/posix_impl/CMakeFiles/osal_posix_impl.dir/src/os-impl-timebase.c.o[0m
[36m|[0m [ 11%] [32mBuilding C object osal/posix_impl/CMakeFiles/osal_posix_impl.dir/__/portable/os-impl-no-shell.c.o[0m
[37m|[0m -- Detecting C compile features - done
[37m|[0m -- OMIT_DEPRECATED=false: Deprecated elements included in build
[37m|[0m -- Generated cfe_msgids.h from /root/test/cFS/sample_defs configuration
[37m|[0m -- Generated cfe_platform_cfg.h from /root/test/cFS/sample_defs configuration
[37m|[0m -- BSP Selection: generic-linux at /root/test/cFS/osal/src/bsp/generic-linux
[37m|[0m -- OSAL Compile Definitions: SIMULATION=native;_LINUX_OS_;_XOPEN_SOURCE=600
[37m|[0m -- OSAL Selection: posix at /root/test/cFS/osal/src/os/posix
[37m|[0m -- PSP Selection: pc-linux
[37m|[0m -- Building Core Module: core_api
[31m|[0m -- Detecting C compile features - done
[31m|[0m -- OMIT_DEPRECATED=false: Deprecated elements included in build
[31m|[0m -- Generated cfe_msgids.h from /root/test/cFS/sample_defs configuration
[37m|[0m -- Building Core Module: core_private
[31m|[0m -- Generated cfe_platform_cfg.h from /root/test/cFS/sample_defs configuration
[37m|[0m -- Building Core Module: es
[35m|[0m [  7%] [32mBuilding C object osal/posix_impl/CMakeFiles/osal_posix_impl.dir/__/portable/os-impl-posix-gettime.c.o[0m
[37m|[0m -- Building Core Module: evs
[37m|[0m -- Building Core Module: fs
[37m|[0m -- Building Core Module: sb
[36m|[0m [ 12%] [32mBuilding C object osal/posix_impl/CMakeFiles/osal_posix_impl.dir/src/os-impl-loader.c.o[0m
[31m|[0m -- BSP Selection: generic-linux at /root/test/cFS/osal/src/bsp/generic-linux
[31m|[0m -- OSAL Compile Definitions: SIMULATION=native;_LINUX_OS_;_XOPEN_SOURCE=600
[31m|[0m -- OSAL Selection: posix at /root/test/cFS/osal/src/os/posix
[31m|[0m -- PSP Selection: pc-linux
[31m|[0m -- Building Core Module: core_api
[37m|[0m -- Building Core Module: tbl
[31m|[0m -- Building Core Module: core_private
[31m|[0m -- Building Core Module: es
[37m|[0m -- Building Core Module: time
[31m|[0m -- Building Core Module: evs
[31m|[0m -- Building Core Module: fs
[37m|[0m -- Building Core Module: psp
[31m|[0m -- Building Core Module: sb
[31m|[0m -- Building Core Module: tbl
[31m|[0m -- Building Core Module: time
[31m|[0m -- Building Core Module: psp
[37m|[0m -- Building Core Module: msg
[37m|[0m -- CCSDS primary header included in message header (not including CCSDS extended header)
[37m|[0m -- Message Id version 1 in use (MsgId V1)
[37m|[0m -- Building Core Module: sbr
[37m|[0m -- Using direct map software bus routing implementation
[37m|[0m -- Building Core Module: resourceid
[37m|[0m -- Building Dynamic App: ci_lab targets=cpu1
[37m|[0m -- Building Dynamic App: to_lab targets=cpu1
[31m|[0m -- Building Core Module: msg
[31m|[0m -- CCSDS primary header included in message header (not including CCSDS extended header)
[31m|[0m -- Message Id version 1 in use (MsgId V1)
[31m|[0m -- Building Core Module: sbr
[31m|[0m -- Using direct map software bus routing implementation
[31m|[0m -- Building Core Module: resourceid
[37m|[0m NOTE: "TO_LAB_Subs" passed to add_cfe_tables is not a previously-defined application target
[37m|[0m NOTE: Selected /root/test/cFS/apps/to_lab/fsw/tables/to_lab_sub.c as source for TO_LAB_Subs.to_lab_sub on cpu1
[37m|[0m -- Building Dynamic App: sch_lab targets=cpu1
[31m|[0m -- Building Dynamic App: ci_lab targets=cpu1
[37m|[0m NOTE: "sch_lab_table" passed to add_cfe_tables is not a previously-defined application target
[36m|[0m [ 12%] [32mBuilding C object osal/posix_impl/CMakeFiles/osal_posix_impl.dir/__/portable/os-impl-posix-dl-loader.c.o[0m
[31m|[0m -- Building Dynamic App: to_lab targets=cpu1
[37m|[0m NOTE: Selected /root/test/cFS/apps/sch_lab/fsw/tables/sch_lab_table.c as source for sch_lab_table.sch_lab_table on cpu1
[37m|[0m -- Building Dynamic App: cfe_assert targets=cpu1
[37m|[0m -- Building Dynamic App: sample_app targets=cpu1
[35m|[0m [  8%] [32mBuilding C object osal/posix_impl/CMakeFiles/osal_posix_impl.dir/__/portable/os-impl-console-bsp.c.o[0m
[31m|[0m NOTE: "TO_LAB_Subs" passed to add_cfe_tables is not a previously-defined application target
[31m|[0m NOTE: Selected /root/test/cFS/apps/to_lab/fsw/tables/to_lab_sub.c as source for TO_LAB_Subs.to_lab_sub on cpu1
[31m|[0m -- Building Dynamic App: sch_lab targets=cpu1
[31m|[0m NOTE: "sch_lab_table" passed to add_cfe_tables is not a previously-defined application target
[37m|[0m NOTE: "sampleAppTable" passed to add_cfe_tables is not a previously-defined application target
[37m|[0m NOTE: Selected /root/test/cFS/apps/sample_app/fsw/tables/sample_app_tbl.c as source for sampleAppTable.sample_app_tbl on cpu1
[37m|[0m -- Building Dynamic App: sample_lib targets=cpu1
[31m|[0m NOTE: Selected /root/test/cFS/apps/sch_lab/fsw/tables/sch_lab_table.c as source for sch_lab_table.sch_lab_table on cpu1
[31m|[0m -- Building Dynamic App: cfe_assert targets=cpu1
[31m|[0m -- Building Dynamic App: sample_app targets=cpu1
[31m|[0m NOTE: "sampleAppTable" passed to add_cfe_tables is not a previously-defined application target
[31m|[0m NOTE: Selected /root/test/cFS/apps/sample_app/fsw/tables/sample_app_tbl.c as source for sampleAppTable.sample_app_tbl on cpu1
[31m|[0m -- Building Dynamic App: sample_lib targets=cpu1
[31m|[0m NOTE: Selected /root/test/cFS/sample_defs/cpu1_cfe_es_startup.scr as source for cfe_es_startup.scr on cpu1
[37m|[0m NOTE: Selected /root/test/cFS/sample_defs/cpu1_cfe_es_startup.scr as source for cfe_es_startup.scr on cpu1
[37m|[0m -- Configuring done
[31m|[0m -- Configuring done
[36m|[0m [ 12%] [32mBuilding C object osal/posix_impl/CMakeFiles/osal_posix_impl.dir/__/portable/os-impl-posix-dl-symtab.c.o[0m
[35m|[0m [  8%] [32mBuilding C object osal/posix_impl/CMakeFiles/osal_posix_impl.dir/__/portable/os-impl-bsd-select.c.o[0m
[36m|[0m [ 14%] [32mBuilding C object osal/posix_impl/CMakeFiles/osal_posix_impl.dir/__/portable/os-impl-bsd-sockets.c.o[0m
[35m|[0m [ 10%] [32mBuilding C object osal/posix_impl/CMakeFiles/osal_posix_impl.dir/__/portable/os-impl-posix-io.c.o[0m
[37m|[0m -- Generating done
[31m|[0m -- Generating done
[37m|[0m -- Build files have been written to: /root/test/cFS/build/native/default_cpu1
[31m|[0m -- Build files have been written to: /root/test/cFS/build/native/default_cpu1
[31m|[0m -- Configuring done
[37m|[0m -- Configuring done
[37m|[0m -- Generating done
[36m|[0m [ 14%] [32mBuilding C object osal/posix_impl/CMakeFiles/osal_posix_impl.dir/__/portable/os-impl-posix-network.c.o[0m
[37m|[0m -- Build files have been written to: /root/test/cFS/build
[31m|[0m -- Generating done
[37m|[0m echo " -DCMAKE_INSTALL_PREFIX=/exe -DCMAKE_BUILD_TYPE=release" > "build/.prep"
[37m|[0m make --no-print-directory -C "build" mission-all
[31m|[0m -- Build files have been written to: /root/test/cFS/build
[31m|[0m echo " -DCMAKE_INSTALL_PREFIX=/exe -DCMAKE_BUILD_TYPE=debug" > "build/.prep"
[31m|[0m make --no-print-directory -C "build" mission-all
[35m|[0m [ 10%] [32mBuilding C object osal/posix_impl/CMakeFiles/osal_posix_impl.dir/__/portable/os-impl-posix-files.c.o[0m
[36m|[0m [ 14%] Built target osal_posix_impl
[31m|[0m [35m[1mScanning dependencies of target elf2cfetbl[0m
[37m|[0m [35m[1mScanning dependencies of target elf2cfetbl[0m
[36m|[0m [35m[1mScanning dependencies of target osal_generic-linux_impl[0m
[31m|[0m [ 50%] [32mBuilding C object tools/elf2cfetbl/CMakeFiles/elf2cfetbl.dir/elf2cfetbl.c.o[0m
[37m|[0m [ 50%] [32mBuilding C object tools/elf2cfetbl/CMakeFiles/elf2cfetbl.dir/elf2cfetbl.c.o[0m
[36m|[0m [ 14%] [32mBuilding C object osal/generic-linux_impl/CMakeFiles/osal_generic-linux_impl.dir/src/bsp_start.c.o[0m
[35m|[0m [ 11%] [32mBuilding C object osal/posix_impl/CMakeFiles/osal_posix_impl.dir/__/portable/os-impl-posix-dirs.c.o[0m
[36m|[0m [ 15%] [32mBuilding C object osal/generic-linux_impl/CMakeFiles/osal_generic-linux_impl.dir/src/bsp_console.c.o[0m
[35m|[0m [ 11%] [32mBuilding C object osal/posix_impl/CMakeFiles/osal_posix_impl.dir/__/portable/os-impl-no-shell.c.o[0m
[36m|[0m [ 15%] Built target osal_generic-linux_impl
[31m|[0m [100%] [32m[1mLinking C executable elf2cfetbl[0m
[36m|[0m [35m[1mScanning dependencies of target osal_bsp[0m
[35m|[0m [ 12%] [32mBuilding C object osal/posix_impl/CMakeFiles/osal_posix_impl.dir/src/os-impl-loader.c.o[0m
[36m|[0m [ 16%] [32mBuilding C object osal/CMakeFiles/osal_bsp.dir/src/bsp/shared/src/osapi-bsp.c.o[0m
[35m|[0m [ 12%] [32mBuilding C object osal/posix_impl/CMakeFiles/osal_posix_impl.dir/__/portable/os-impl-posix-dl-loader.c.o[0m
[31m|[0m [100%] Built target elf2cfetbl
[36m|[0m [ 16%] [32mBuilding C object osal/CMakeFiles/osal_bsp.dir/src/bsp/shared/src/bsp_default_app_run.c.o[0m
[31m|[0m [35m[1mScanning dependencies of target cfe-module-version[0m
[31m|[0m inside get_version for MISSION
[31m|[0m inside get_version for core_api
[36m|[0m [ 17%] [32mBuilding C object osal/CMakeFiles/osal_bsp.dir/src/bsp/shared/src/bsp_default_app_startup.c.o[0m
[35m|[0m [ 12%] [32mBuilding C object osal/posix_impl/CMakeFiles/osal_posix_impl.dir/__/portable/os-impl-posix-dl-symtab.c.o[0m
[36m|[0m [ 17%] [32mBuilding C object osal/CMakeFiles/osal_bsp.dir/src/bsp/shared/src/bsp_default_symtab.c.o[0m
[31m|[0m inside get_version for core_private
[31m|[0m inside get_version for ci_lab
[31m|[0m inside get_version for to_lab
[31m|[0m inside get_version for sch_lab
[31m|[0m inside get_version for cfe_assert
[31m|[0m inside get_version for sample_app
[35m|[0m [ 14%] [32mBuilding C object osal/posix_impl/CMakeFiles/osal_posix_impl.dir/__/portable/os-impl-bsd-sockets.c.o[0m
[31m|[0m inside get_version for sample_lib
[31m|[0m inside get_version for es
[36m|[0m [ 19%] [32m[1mLinking C static library libosal_bsp.a[0m
[31m|[0m inside get_version for evs
[31m|[0m inside get_version for fs
[31m|[0m inside get_version for sb
[31m|[0m inside get_version for tbl
[31m|[0m inside get_version for time
[31m|[0m inside get_version for osal
[36m|[0m [ 19%] Built target osal_bsp
[36m|[0m [35m[1mScanning dependencies of target osal[0m
[31m|[0m inside get_version for psp
[31m|[0m inside get_version for msg
[31m|[0m inside get_version for sbr
[31m|[0m inside get_version for resourceid
[35m|[0m [ 14%] [32mBuilding C object osal/posix_impl/CMakeFiles/osal_posix_impl.dir/__/portable/os-impl-posix-network.c.o[0m
[36m|[0m [ 20%] [32mBuilding C object osal/CMakeFiles/osal.dir/src/os/shared/src/osapi-binsem.c.o[0m
[31m|[0m [100%] Built target cfe-module-version
[37m|[0m [100%] [32m[1mLinking C executable elf2cfetbl[0m
[35m|[0m [ 14%] Built target osal_posix_impl
[31m|[0m [35m[1mScanning dependencies of target cfe-build-env[0m
[35m|[0m [35m[1mScanning dependencies of target osal_generic-linux_impl[0m
[35m|[0m [ 14%] [32mBuilding C object osal/generic-linux_impl/CMakeFiles/osal_generic-linux_impl.dir/src/bsp_start.c.o[0m
[31m|[0m [100%] Built target cfe-build-env
[36m|[0m [ 20%] [32mBuilding C object osal/CMakeFiles/osal.dir/src/os/shared/src/osapi-clock.c.o[0m
[31m|[0m [35m[1mScanning dependencies of target mission-version[0m
[37m|[0m [100%] Built target elf2cfetbl
[36m|[0m [ 21%] [32mBuilding C object osal/CMakeFiles/osal.dir/src/os/shared/src/osapi-common.c.o[0m
[31m|[0m [100%] Built target mission-version
[31m|[0m [35m[1mScanning dependencies of target mission-prebuild[0m
[37m|[0m [35m[1mScanning dependencies of target cfe-module-version[0m
[31m|[0m [100%] Built target mission-prebuild
[37m|[0m inside get_version for MISSION
[31m|[0m [35m[1mScanning dependencies of target native_default_cpu1-all[0m
[37m|[0m inside get_version for core_api
[35m|[0m [ 15%] [32mBuilding C object osal/generic-linux_impl/CMakeFiles/osal_generic-linux_impl.dir/src/bsp_console.c.o[0m
[36m|[0m [ 21%] [32mBuilding C object osal/CMakeFiles/osal.dir/src/os/shared/src/osapi-countsem.c.o[0m
[31m|[0m [35m[1mScanning dependencies of target osal_posix_impl[0m
[37m|[0m inside get_version for core_private
[37m|[0m inside get_version for ci_lab
[37m|[0m inside get_version for to_lab
[37m|[0m inside get_version for sch_lab
[37m|[0m inside get_version for cfe_assert
[31m|[0m [  0%] [32mBuilding C object osal/posix_impl/CMakeFiles/osal_posix_impl.dir/src/os-impl-binsem.c.o[0m
[37m|[0m inside get_version for sample_app
[37m|[0m inside get_version for sample_lib
[36m|[0m [ 23%] [32mBuilding C object osal/CMakeFiles/osal.dir/src/os/shared/src/osapi-dir.c.o[0m
[37m|[0m inside get_version for es
[35m|[0m [ 15%] Built target osal_generic-linux_impl
[37m|[0m inside get_version for evs
[37m|[0m inside get_version for fs
[35m|[0m [35m[1mScanning dependencies of target osal_bsp[0m
[31m|[0m [  0%] [32mBuilding C object osal/posix_impl/CMakeFiles/osal_posix_impl.dir/src/os-impl-common.c.o[0m
[37m|[0m inside get_version for sb
[37m|[0m inside get_version for tbl
[35m|[0m [ 16%] [32mBuilding C object osal/CMakeFiles/osal_bsp.dir/src/bsp/shared/src/osapi-bsp.c.o[0m
[37m|[0m inside get_version for time
[36m|[0m [ 23%] [32mBuilding C object osal/CMakeFiles/osal.dir/src/os/shared/src/osapi-errors.c.o[0m
[37m|[0m inside get_version for osal
[36m|[0m [ 24%] [32mBuilding C object osal/CMakeFiles/osal.dir/src/os/shared/src/osapi-file.c.o[0m
[35m|[0m [ 16%] [32mBuilding C object osal/CMakeFiles/osal_bsp.dir/src/bsp/shared/src/bsp_default_app_run.c.o[0m
[31m|[0m [  1%] [32mBuilding C object osal/posix_impl/CMakeFiles/osal_posix_impl.dir/src/os-impl-console.c.o[0m
[37m|[0m inside get_version for psp
[35m|[0m [ 17%] [32mBuilding C object osal/CMakeFiles/osal_bsp.dir/src/bsp/shared/src/bsp_default_app_startup.c.o[0m
[37m|[0m inside get_version for msg
[37m|[0m inside get_version for sbr
[31m|[0m [  1%] [32mBuilding C object osal/posix_impl/CMakeFiles/osal_posix_impl.dir/src/os-impl-countsem.c.o[0m
[37m|[0m inside get_version for resourceid
[35m|[0m [ 17%] [32mBuilding C object osal/CMakeFiles/osal_bsp.dir/src/bsp/shared/src/bsp_default_symtab.c.o[0m
[36m|[0m [ 24%] [32mBuilding C object osal/CMakeFiles/osal.dir/src/os/shared/src/osapi-filesys.c.o[0m
[37m|[0m [100%] Built target cfe-module-version
[35m|[0m [ 19%] [32m[1mLinking C static library libosal_bsp.a[0m
[37m|[0m [35m[1mScanning dependencies of target cfe-build-env[0m
[31m|[0m [  2%] [32mBuilding C object osal/posix_impl/CMakeFiles/osal_posix_impl.dir/src/os-impl-dirs.c.o[0m
[37m|[0m [100%] Built target cfe-build-env
[37m|[0m [35m[1mScanning dependencies of target mission-version[0m
[35m|[0m [ 19%] Built target osal_bsp
[37m|[0m [100%] Built target mission-version
[37m|[0m [35m[1mScanning dependencies of target mission-prebuild[0m
[35m|[0m [35m[1mScanning dependencies of target osal[0m
[36m|[0m [ 25%] [32mBuilding C object osal/CMakeFiles/osal.dir/src/os/shared/src/osapi-heap.c.o[0m
[37m|[0m [100%] Built target mission-prebuild
[31m|[0m [  2%] [32mBuilding C object osal/posix_impl/CMakeFiles/osal_posix_impl.dir/src/os-impl-errors.c.o[0m
[35m|[0m [ 20%] [32mBuilding C object osal/CMakeFiles/osal.dir/src/os/shared/src/osapi-binsem.c.o[0m
[37m|[0m [35m[1mScanning dependencies of target native_default_cpu1-all[0m
[36m|[0m [ 25%] [32mBuilding C object osal/CMakeFiles/osal.dir/src/os/shared/src/osapi-idmap.c.o[0m
[37m|[0m [35m[1mScanning dependencies of target osal_posix_impl[0m
[35m|[0m [ 20%] [32mBuilding C object osal/CMakeFiles/osal.dir/src/os/shared/src/osapi-clock.c.o[0m
[31m|[0m [  3%] [32mBuilding C object osal/posix_impl/CMakeFiles/osal_posix_impl.dir/src/os-impl-files.c.o[0m
[37m|[0m [  0%] [32mBuilding C object osal/posix_impl/CMakeFiles/osal_posix_impl.dir/src/os-impl-binsem.c.o[0m
[35m|[0m [ 21%] [32mBuilding C object osal/CMakeFiles/osal.dir/src/os/shared/src/osapi-common.c.o[0m
[31m|[0m [  3%] [32mBuilding C object osal/posix_impl/CMakeFiles/osal_posix_impl.dir/src/os-impl-filesys.c.o[0m
[36m|[0m [ 25%] [32mBuilding C object osal/CMakeFiles/osal.dir/src/os/shared/src/osapi-module.c.o[0m
[35m|[0m [ 21%] [32mBuilding C object osal/CMakeFiles/osal.dir/src/os/shared/src/osapi-countsem.c.o[0m
[31m|[0m [  5%] [32mBuilding C object osal/posix_impl/CMakeFiles/osal_posix_impl.dir/src/os-impl-heap.c.o[0m
[36m|[0m [ 26%] [32mBuilding C object osal/CMakeFiles/osal.dir/src/os/shared/src/osapi-mutex.c.o[0m
[31m|[0m [  5%] [32mBuilding C object osal/posix_impl/CMakeFiles/osal_posix_impl.dir/src/os-impl-idmap.c.o[0m
[37m|[0m [  0%] [32mBuilding C object osal/posix_impl/CMakeFiles/osal_posix_impl.dir/src/os-impl-common.c.o[0m
[36m|[0m [ 26%] [32mBuilding C object osal/CMakeFiles/osal.dir/src/os/shared/src/osapi-network.c.o[0m
[31m|[0m [  6%] [32mBuilding C object osal/posix_impl/CMakeFiles/osal_posix_impl.dir/src/os-impl-mutex.c.o[0m
[35m|[0m [ 23%] [32mBuilding C object osal/CMakeFiles/osal.dir/src/os/shared/src/osapi-dir.c.o[0m
[36m|[0m [ 28%] [32mBuilding C object osal/CMakeFiles/osal.dir/src/os/shared/src/osapi-printf.c.o[0m
[37m|[0m [  1%] [32mBuilding C object osal/posix_impl/CMakeFiles/osal_posix_impl.dir/src/os-impl-console.c.o[0m
[31m|[0m [  6%] [32mBuilding C object osal/posix_impl/CMakeFiles/osal_posix_impl.dir/src/os-impl-queues.c.o[0m
[35m|[0m [ 23%] [32mBuilding C object osal/CMakeFiles/osal.dir/src/os/shared/src/osapi-errors.c.o[0m
[36m|[0m [ 28%] [32mBuilding C object osal/CMakeFiles/osal.dir/src/os/shared/src/osapi-queue.c.o[0m
[37m|[0m [  1%] [32mBuilding C object osal/posix_impl/CMakeFiles/osal_posix_impl.dir/src/os-impl-countsem.c.o[0m
[31m|[0m [  6%] [32mBuilding C object osal/posix_impl/CMakeFiles/osal_posix_impl.dir/src/os-impl-tasks.c.o[0m
[35m|[0m [ 24%] [32mBuilding C object osal/CMakeFiles/osal.dir/src/os/shared/src/osapi-file.c.o[0m
[36m|[0m [ 29%] [32mBuilding C object osal/CMakeFiles/osal.dir/src/os/shared/src/osapi-select.c.o[0m
[31m|[0m [  7%] [32mBuilding C object osal/posix_impl/CMakeFiles/osal_posix_impl.dir/src/os-impl-timebase.c.o[0m
[37m|[0m [  2%] [32mBuilding C object osal/posix_impl/CMakeFiles/osal_posix_impl.dir/src/os-impl-dirs.c.o[0m
[36m|[0m [ 29%] [32mBuilding C object osal/CMakeFiles/osal.dir/src/os/shared/src/osapi-shell.c.o[0m
[35m|[0m [ 24%] [32mBuilding C object osal/CMakeFiles/osal.dir/src/os/shared/src/osapi-filesys.c.o[0m
[37m|[0m [  2%] [32mBuilding C object osal/posix_impl/CMakeFiles/osal_posix_impl.dir/src/os-impl-errors.c.o[0m
[36m|[0m [ 30%] [32mBuilding C object osal/CMakeFiles/osal.dir/src/os/shared/src/osapi-sockets.c.o[0m
[31m|[0m [  7%] [32mBuilding C object osal/posix_impl/CMakeFiles/osal_posix_impl.dir/__/portable/os-impl-posix-gettime.c.o[0m
[37m|[0m [  3%] [32mBuilding C object osal/posix_impl/CMakeFiles/osal_posix_impl.dir/src/os-impl-files.c.o[0m
[31m|[0m [  8%] [32mBuilding C object osal/posix_impl/CMakeFiles/osal_posix_impl.dir/__/portable/os-impl-console-bsp.c.o[0m
[36m|[0m [ 30%] [32mBuilding C object osal/CMakeFiles/osal.dir/src/os/shared/src/osapi-task.c.o[0m
[37m|[0m [  3%] [32mBuilding C object osal/posix_impl/CMakeFiles/osal_posix_impl.dir/src/os-impl-filesys.c.o[0m
[35m|[0m [ 25%] [32mBuilding C object osal/CMakeFiles/osal.dir/src/os/shared/src/osapi-heap.c.o[0m
[36m|[0m [ 32%] [32mBuilding C object osal/CMakeFiles/osal.dir/src/os/shared/src/osapi-timebase.c.o[0m
[31m|[0m [  8%] [32mBuilding C object osal/posix_impl/CMakeFiles/osal_posix_impl.dir/__/portable/os-impl-bsd-select.c.o[0m
[37m|[0m [  5%] [32mBuilding C object osal/posix_impl/CMakeFiles/osal_posix_impl.dir/src/os-impl-heap.c.o[0m
[35m|[0m [ 25%] [32mBuilding C object osal/CMakeFiles/osal.dir/src/os/shared/src/osapi-idmap.c.o[0m
[36m|[0m [ 32%] [32mBuilding C object osal/CMakeFiles/osal.dir/src/os/shared/src/osapi-time.c.o[0m
[31m|[0m [ 10%] [32mBuilding C object osal/posix_impl/CMakeFiles/osal_posix_impl.dir/__/portable/os-impl-posix-io.c.o[0m
[37m|[0m [  5%] [32mBuilding C object osal/posix_impl/CMakeFiles/osal_posix_impl.dir/src/os-impl-idmap.c.o[0m
[36m|[0m [ 32%] [32mBuilding C object osal/CMakeFiles/osal.dir/src/os/shared/src/osapi-version.c.o[0m
[31m|[0m [ 10%] [32mBuilding C object osal/posix_impl/CMakeFiles/osal_posix_impl.dir/__/portable/os-impl-posix-files.c.o[0m
[36m|[0m [ 33%] [32mBuilding C object osal/CMakeFiles/osal.dir/src/os/shared/src/osapi-debug.c.o[0m
[31m|[0m [ 11%] [32mBuilding C object osal/posix_impl/CMakeFiles/osal_posix_impl.dir/__/portable/os-impl-posix-dirs.c.o[0m
[37m|[0m [  6%] [32mBuilding C object osal/posix_impl/CMakeFiles/osal_posix_impl.dir/src/os-impl-mutex.c.o[0m
[31m|[0m [ 11%] [32mBuilding C object osal/posix_impl/CMakeFiles/osal_posix_impl.dir/__/portable/os-impl-no-shell.c.o[0m
[36m|[0m [ 33%] [32m[1mLinking C static library libosal.a[0m
[31m|[0m [ 12%] [32mBuilding C object osal/posix_impl/CMakeFiles/osal_posix_impl.dir/src/os-impl-loader.c.o[0m
[37m|[0m [  6%] [32mBuilding C object osal/posix_impl/CMakeFiles/osal_posix_impl.dir/src/os-impl-queues.c.o[0m
[36m|[0m [ 33%] Built target osal
[31m|[0m [ 12%] [32mBuilding C object osal/posix_impl/CMakeFiles/osal_posix_impl.dir/__/portable/os-impl-posix-dl-loader.c.o[0m
[36m|[0m [35m[1mScanning dependencies of target es[0m
[31m|[0m [ 12%] [32mBuilding C object osal/posix_impl/CMakeFiles/osal_posix_impl.dir/__/portable/os-impl-posix-dl-symtab.c.o[0m
[37m|[0m [  6%] [32mBuilding C object osal/posix_impl/CMakeFiles/osal_posix_impl.dir/src/os-impl-tasks.c.o[0m
[35m|[0m [ 25%] [32mBuilding C object osal/CMakeFiles/osal.dir/src/os/shared/src/osapi-module.c.o[0m
[31m|[0m [ 14%] [32mBuilding C object osal/posix_impl/CMakeFiles/osal_posix_impl.dir/__/portable/os-impl-bsd-sockets.c.o[0m
[36m|[0m [ 33%] [32mBuilding C object es/CMakeFiles/es.dir/fsw/src/cfe_es_api.c.o[0m
[31m|[0m [ 14%] [32mBuilding C object osal/posix_impl/CMakeFiles/osal_posix_impl.dir/__/portable/os-impl-posix-network.c.o[0m
[31m|[0m [ 14%] Built target osal_posix_impl
[31m|[0m [35m[1mScanning dependencies of target osal_generic-linux_impl[0m
[37m|[0m [  7%] [32mBuilding C object osal/posix_impl/CMakeFiles/osal_posix_impl.dir/src/os-impl-timebase.c.o[0m
[35m|[0m [ 26%] [32mBuilding C object osal/CMakeFiles/osal.dir/src/os/shared/src/osapi-mutex.c.o[0m
[36m|[0m [ 34%] [32mBuilding C object es/CMakeFiles/es.dir/fsw/src/cfe_es_apps.c.o[0m
[31m|[0m [ 14%] [32mBuilding C object osal/generic-linux_impl/CMakeFiles/osal_generic-linux_impl.dir/src/bsp_start.c.o[0m
[31m|[0m [ 15%] [32mBuilding C object osal/generic-linux_impl/CMakeFiles/osal_generic-linux_impl.dir/src/bsp_console.c.o[0m
[35m|[0m [ 26%] [32mBuilding C object osal/CMakeFiles/osal.dir/src/os/shared/src/osapi-network.c.o[0m
[37m|[0m [  7%] [32mBuilding C object osal/posix_impl/CMakeFiles/osal_posix_impl.dir/__/portable/os-impl-posix-gettime.c.o[0m
[36m|[0m [ 34%] [32mBuilding C object es/CMakeFiles/es.dir/fsw/src/cfe_es_backgroundtask.c.o[0m
[31m|[0m [ 15%] Built target osal_generic-linux_impl
[35m|[0m [ 28%] [32mBuilding C object osal/CMakeFiles/osal.dir/src/os/shared/src/osapi-printf.c.o[0m
[37m|[0m [  8%] [32mBuilding C object osal/posix_impl/CMakeFiles/osal_posix_impl.dir/__/portable/os-impl-console-bsp.c.o[0m
[31m|[0m [35m[1mScanning dependencies of target osal_bsp[0m
[31m|[0m [ 16%] [32mBuilding C object osal/CMakeFiles/osal_bsp.dir/src/bsp/shared/src/osapi-bsp.c.o[0m
[37m|[0m [  8%] [32mBuilding C object osal/posix_impl/CMakeFiles/osal_posix_impl.dir/__/portable/os-impl-bsd-select.c.o[0m
[31m|[0m [ 16%] [32mBuilding C object osal/CMakeFiles/osal_bsp.dir/src/bsp/shared/src/bsp_default_app_run.c.o[0m
[36m|[0m [ 35%] [32mBuilding C object es/CMakeFiles/es.dir/fsw/src/cfe_es_cds.c.o[0m
[35m|[0m [ 28%] [32mBuilding C object osal/CMakeFiles/osal.dir/src/os/shared/src/osapi-queue.c.o[0m
[31m|[0m [ 17%] [32mBuilding C object osal/CMakeFiles/osal_bsp.dir/src/bsp/shared/src/bsp_default_app_startup.c.o[0m
[37m|[0m [ 10%] [32mBuilding C object osal/posix_impl/CMakeFiles/osal_posix_impl.dir/__/portable/os-impl-posix-io.c.o[0m
[31m|[0m [ 17%] [32mBuilding C object osal/CMakeFiles/osal_bsp.dir/src/bsp/shared/src/bsp_default_symtab.c.o[0m
[31m|[0m [ 19%] [32m[1mLinking C static library libosal_bsp.a[0m
[36m|[0m [ 35%] [32mBuilding C object es/CMakeFiles/es.dir/fsw/src/cfe_es_cds_mempool.c.o[0m
[31m|[0m [ 19%] Built target osal_bsp
[31m|[0m [35m[1mScanning dependencies of target osal[0m
[35m|[0m [ 29%] [32mBuilding C object osal/CMakeFiles/osal.dir/src/os/shared/src/osapi-select.c.o[0m
[31m|[0m [ 20%] [32mBuilding C object osal/CMakeFiles/osal.dir/src/os/shared/src/osapi-binsem.c.o[0m
[36m|[0m [ 37%] [32mBuilding C object es/CMakeFiles/es.dir/fsw/src/cfe_es_erlog.c.o[0m
[37m|[0m [ 10%] [32mBuilding C object osal/posix_impl/CMakeFiles/osal_posix_impl.dir/__/portable/os-impl-posix-files.c.o[0m
[31m|[0m [ 20%] [32mBuilding C object osal/CMakeFiles/osal.dir/src/os/shared/src/osapi-clock.c.o[0m
[31m|[0m [ 21%] [32mBuilding C object osal/CMakeFiles/osal.dir/src/os/shared/src/osapi-common.c.o[0m
[35m|[0m [ 29%] [32mBuilding C object osal/CMakeFiles/osal.dir/src/os/shared/src/osapi-shell.c.o[0m
[36m|[0m [ 37%] [32mBuilding C object es/CMakeFiles/es.dir/fsw/src/cfe_es_generic_pool.c.o[0m
[37m|[0m [ 11%] [32mBuilding C object osal/posix_impl/CMakeFiles/osal_posix_impl.dir/__/portable/os-impl-posix-dirs.c.o[0m
[31m|[0m [ 21%] [32mBuilding C object osal/CMakeFiles/osal.dir/src/os/shared/src/osapi-countsem.c.o[0m
[35m|[0m [ 30%] [32mBuilding C object osal/CMakeFiles/osal.dir/src/os/shared/src/osapi-sockets.c.o[0m
[37m|[0m [ 11%] [32mBuilding C object osal/posix_impl/CMakeFiles/osal_posix_impl.dir/__/portable/os-impl-no-shell.c.o[0m
[37m|[0m [ 12%] [32mBuilding C object osal/posix_impl/CMakeFiles/osal_posix_impl.dir/src/os-impl-loader.c.o[0m
[31m|[0m [ 23%] [32mBuilding C object osal/CMakeFiles/osal.dir/src/os/shared/src/osapi-dir.c.o[0m
[36m|[0m [ 37%] [32mBuilding C object es/CMakeFiles/es.dir/fsw/src/cfe_es_mempool.c.o[0m
[31m|[0m [ 23%] [32mBuilding C object osal/CMakeFiles/osal.dir/src/os/shared/src/osapi-errors.c.o[0m
[37m|[0m [ 12%] [32mBuilding C object osal/posix_impl/CMakeFiles/osal_posix_impl.dir/__/portable/os-impl-posix-dl-loader.c.o[0m
[31m|[0m [ 24%] [32mBuilding C object osal/CMakeFiles/osal.dir/src/os/shared/src/osapi-file.c.o[0m
[36m|[0m [ 38%] [32mBuilding C object es/CMakeFiles/es.dir/fsw/src/cfe_es_objtab.c.o[0m
[35m|[0m [ 30%] [32mBuilding C object osal/CMakeFiles/osal.dir/src/os/shared/src/osapi-task.c.o[0m
[37m|[0m [ 12%] [32mBuilding C object osal/posix_impl/CMakeFiles/osal_posix_impl.dir/__/portable/os-impl-posix-dl-symtab.c.o[0m
[36m|[0m [ 38%] [32mBuilding C object es/CMakeFiles/es.dir/fsw/src/cfe_es_perf.c.o[0m
[31m|[0m [ 24%] [32mBuilding C object osal/CMakeFiles/osal.dir/src/os/shared/src/osapi-filesys.c.o[0m
[37m|[0m [ 14%] [32mBuilding C object osal/posix_impl/CMakeFiles/osal_posix_impl.dir/__/portable/os-impl-bsd-sockets.c.o[0m
[35m|[0m [ 32%] [32mBuilding C object osal/CMakeFiles/osal.dir/src/os/shared/src/osapi-timebase.c.o[0m
[31m|[0m [ 25%] [32mBuilding C object osal/CMakeFiles/osal.dir/src/os/shared/src/osapi-heap.c.o[0m
[36m|[0m [ 39%] [32mBuilding C object es/CMakeFiles/es.dir/fsw/src/cfe_es_resource.c.o[0m
[31m|[0m [ 25%] [32mBuilding C object osal/CMakeFiles/osal.dir/src/os/shared/src/osapi-idmap.c.o[0m
[31m|[0m [ 25%] [32mBuilding C object osal/CMakeFiles/osal.dir/src/os/shared/src/osapi-module.c.o[0m
[37m|[0m [ 14%] [32mBuilding C object osal/posix_impl/CMakeFiles/osal_posix_impl.dir/__/portable/os-impl-posix-network.c.o[0m
[36m|[0m [ 39%] [32mBuilding C object es/CMakeFiles/es.dir/fsw/src/cfe_es_start.c.o[0m
[31m|[0m [ 26%] [32mBuilding C object osal/CMakeFiles/osal.dir/src/os/shared/src/osapi-mutex.c.o[0m
[35m|[0m [ 32%] [32mBuilding C object osal/CMakeFiles/osal.dir/src/os/shared/src/osapi-time.c.o[0m
[37m|[0m [ 14%] Built target osal_posix_impl
[37m|[0m [35m[1mScanning dependencies of target osal_generic-linux_impl[0m
[31m|[0m [ 26%] [32mBuilding C object osal/CMakeFiles/osal.dir/src/os/shared/src/osapi-network.c.o[0m
[37m|[0m [ 14%] [32mBuilding C object osal/generic-linux_impl/CMakeFiles/osal_generic-linux_impl.dir/src/bsp_start.c.o[0m
[35m|[0m [ 32%] [32mBuilding C object osal/CMakeFiles/osal.dir/src/os/shared/src/osapi-version.c.o[0m
[36m|[0m [ 41%] [32mBuilding C object es/CMakeFiles/es.dir/fsw/src/cfe_es_syslog.c.o[0m
[31m|[0m [ 28%] [32mBuilding C object osal/CMakeFiles/osal.dir/src/os/shared/src/osapi-printf.c.o[0m
[37m|[0m [ 15%] [32mBuilding C object osal/generic-linux_impl/CMakeFiles/osal_generic-linux_impl.dir/src/bsp_console.c.o[0m
[35m|[0m [ 33%] [32mBuilding C object osal/CMakeFiles/osal.dir/src/os/shared/src/osapi-debug.c.o[0m
[31m|[0m [ 28%] [32mBuilding C object osal/CMakeFiles/osal.dir/src/os/shared/src/osapi-queue.c.o[0m
[37m|[0m [ 15%] Built target osal_generic-linux_impl
[36m|[0m [ 41%] [32mBuilding C object es/CMakeFiles/es.dir/fsw/src/cfe_es_task.c.o[0m
[37m|[0m [35m[1mScanning dependencies of target osal_bsp[0m
[37m|[0m [ 16%] [32mBuilding C object osal/CMakeFiles/osal_bsp.dir/src/bsp/shared/src/osapi-bsp.c.o[0m
[35m|[0m [ 33%] [32m[1mLinking C static library libosal.a[0m
[31m|[0m [ 29%] [32mBuilding C object osal/CMakeFiles/osal.dir/src/os/shared/src/osapi-select.c.o[0m
[37m|[0m [ 16%] [32mBuilding C object osal/CMakeFiles/osal_bsp.dir/src/bsp/shared/src/bsp_default_app_run.c.o[0m
[35m|[0m [ 33%] Built target osal
[35m|[0m [35m[1mScanning dependencies of target es[0m
[31m|[0m [ 29%] [32mBuilding C object osal/CMakeFiles/osal.dir/src/os/shared/src/osapi-shell.c.o[0m
[37m|[0m [ 17%] [32mBuilding C object osal/CMakeFiles/osal_bsp.dir/src/bsp/shared/src/bsp_default_app_startup.c.o[0m
[35m|[0m [ 33%] [32mBuilding C object es/CMakeFiles/es.dir/fsw/src/cfe_es_api.c.o[0m
[31m|[0m [ 30%] [32mBuilding C object osal/CMakeFiles/osal.dir/src/os/shared/src/osapi-sockets.c.o[0m
[37m|[0m [ 17%] [32mBuilding C object osal/CMakeFiles/osal_bsp.dir/src/bsp/shared/src/bsp_default_symtab.c.o[0m
[36m|[0m [ 42%] [32m[1mLinking C static library libes.a[0m
[31m|[0m [ 30%] [32mBuilding C object osal/CMakeFiles/osal.dir/src/os/shared/src/osapi-task.c.o[0m
[37m|[0m [ 19%] [32m[1mLinking C static library libosal_bsp.a[0m
[37m|[0m [ 19%] Built target osal_bsp
[36m|[0m [ 42%] Built target es
[37m|[0m [35m[1mScanning dependencies of target osal[0m
[31m|[0m [ 32%] [32mBuilding C object osal/CMakeFiles/osal.dir/src/os/shared/src/osapi-timebase.c.o[0m
[36m|[0m [35m[1mScanning dependencies of target evs[0m
[37m|[0m [ 20%] [32mBuilding C object osal/CMakeFiles/osal.dir/src/os/shared/src/osapi-binsem.c.o[0m
[36m|[0m [ 42%] [32mBuilding C object evs/CMakeFiles/evs.dir/fsw/src/cfe_evs.c.o[0m
[31m|[0m [ 32%] [32mBuilding C object osal/CMakeFiles/osal.dir/src/os/shared/src/osapi-time.c.o[0m
[36m|[0m [ 43%] [32mBuilding C object evs/CMakeFiles/evs.dir/fsw/src/cfe_evs_log.c.o[0m
[37m|[0m [ 20%] [32mBuilding C object osal/CMakeFiles/osal.dir/src/os/shared/src/osapi-clock.c.o[0m
[35m|[0m [ 34%] [32mBuilding C object es/CMakeFiles/es.dir/fsw/src/cfe_es_apps.c.o[0m
[36m|[0m [ 43%] [32mBuilding C object evs/CMakeFiles/evs.dir/fsw/src/cfe_evs_task.c.o[0m
[37m|[0m [ 21%] [32mBuilding C object osal/CMakeFiles/osal.dir/src/os/shared/src/osapi-common.c.o[0m
[31m|[0m [ 32%] [32mBuilding C object osal/CMakeFiles/osal.dir/src/os/shared/src/osapi-version.c.o[0m
[31m|[0m [ 33%] [32mBuilding C object osal/CMakeFiles/osal.dir/src/os/shared/src/osapi-debug.c.o[0m
[31m|[0m [ 33%] [32m[1mLinking C static library libosal.a[0m
[37m|[0m [ 21%] [32mBuilding C object osal/CMakeFiles/osal.dir/src/os/shared/src/osapi-countsem.c.o[0m
[31m|[0m [ 33%] Built target osal
[35m|[0m [ 34%] [32mBuilding C object es/CMakeFiles/es.dir/fsw/src/cfe_es_backgroundtask.c.o[0m
[31m|[0m [35m[1mScanning dependencies of target es[0m
[36m|[0m [ 44%] [32mBuilding C object evs/CMakeFiles/evs.dir/fsw/src/cfe_evs_utils.c.o[0m
[31m|[0m [ 33%] [32mBuilding C object es/CMakeFiles/es.dir/fsw/src/cfe_es_api.c.o[0m
[35m|[0m [ 35%] [32mBuilding C object es/CMakeFiles/es.dir/fsw/src/cfe_es_cds.c.o[0m
[37m|[0m [ 23%] [32mBuilding C object osal/CMakeFiles/osal.dir/src/os/shared/src/osapi-dir.c.o[0m
[36m|[0m [ 44%] [32m[1mLinking C static library libevs.a[0m
[37m|[0m [ 23%] [32mBuilding C object osal/CMakeFiles/osal.dir/src/os/shared/src/osapi-errors.c.o[0m
[36m|[0m [ 44%] Built target evs
[36m|[0m [35m[1mScanning dependencies of target fs[0m
[36m|[0m [ 44%] [32mBuilding C object fs/CMakeFiles/fs.dir/fsw/src/cfe_fs_api.c.o[0m
[31m|[0m [ 34%] [32mBuilding C object es/CMakeFiles/es.dir/fsw/src/cfe_es_apps.c.o[0m
[37m|[0m [ 24%] [32mBuilding C object osal/CMakeFiles/osal.dir/src/os/shared/src/osapi-file.c.o[0m
[36m|[0m [ 46%] [32mBuilding C object fs/CMakeFiles/fs.dir/fsw/src/cfe_fs_priv.c.o[0m
[35m|[0m [ 35%] [32mBuilding C object es/CMakeFiles/es.dir/fsw/src/cfe_es_cds_mempool.c.o[0m
[36m|[0m [ 46%] [32m[1mLinking C static library libfs.a[0m
[31m|[0m [ 34%] [32mBuilding C object es/CMakeFiles/es.dir/fsw/src/cfe_es_backgroundtask.c.o[0m
[36m|[0m [ 46%] Built target fs
[36m|[0m [35m[1mScanning dependencies of target sb[0m
[35m|[0m [ 37%] [32mBuilding C object es/CMakeFiles/es.dir/fsw/src/cfe_es_erlog.c.o[0m
[37m|[0m [ 24%] [32mBuilding C object osal/CMakeFiles/osal.dir/src/os/shared/src/osapi-filesys.c.o[0m
[36m|[0m [ 46%] [32mBuilding C object sb/CMakeFiles/sb.dir/fsw/src/cfe_sb_api.c.o[0m
[31m|[0m [ 35%] [32mBuilding C object es/CMakeFiles/es.dir/fsw/src/cfe_es_cds.c.o[0m
[35m|[0m [ 37%] [32mBuilding C object es/CMakeFiles/es.dir/fsw/src/cfe_es_generic_pool.c.o[0m
[31m|[0m [ 35%] [32mBuilding C object es/CMakeFiles/es.dir/fsw/src/cfe_es_cds_mempool.c.o[0m
[36m|[0m [ 47%] [32mBuilding C object sb/CMakeFiles/sb.dir/fsw/src/cfe_sb_buf.c.o[0m
[37m|[0m [ 25%] [32mBuilding C object osal/CMakeFiles/osal.dir/src/os/shared/src/osapi-heap.c.o[0m
[36m|[0m [ 47%] [32mBuilding C object sb/CMakeFiles/sb.dir/fsw/src/cfe_sb_init.c.o[0m
[31m|[0m [ 37%] [32mBuilding C object es/CMakeFiles/es.dir/fsw/src/cfe_es_erlog.c.o[0m
[37m|[0m [ 25%] [32mBuilding C object osal/CMakeFiles/osal.dir/src/os/shared/src/osapi-idmap.c.o[0m
[35m|[0m [ 37%] [32mBuilding C object es/CMakeFiles/es.dir/fsw/src/cfe_es_mempool.c.o[0m
[31m|[0m [ 37%] [32mBuilding C object es/CMakeFiles/es.dir/fsw/src/cfe_es_generic_pool.c.o[0m
[36m|[0m [ 48%] [32mBuilding C object sb/CMakeFiles/sb.dir/fsw/src/cfe_sb_msg_id_util.c.o[0m
[36m|[0m [ 48%] [32mBuilding C object sb/CMakeFiles/sb.dir/fsw/src/cfe_sb_priv.c.o[0m
[31m|[0m [ 37%] [32mBuilding C object es/CMakeFiles/es.dir/fsw/src/cfe_es_mempool.c.o[0m
[35m|[0m [ 38%] [32mBuilding C object es/CMakeFiles/es.dir/fsw/src/cfe_es_objtab.c.o[0m
[36m|[0m [ 50%] [32mBuilding C object sb/CMakeFiles/sb.dir/fsw/src/cfe_sb_task.c.o[0m
[35m|[0m [ 38%] [32mBuilding C object es/CMakeFiles/es.dir/fsw/src/cfe_es_perf.c.o[0m
[36m|[0m [ 50%] [32mBuilding C object sb/CMakeFiles/sb.dir/fsw/src/cfe_sb_util.c.o[0m
[31m|[0m [ 38%] [32mBuilding C object es/CMakeFiles/es.dir/fsw/src/cfe_es_objtab.c.o[0m
[36m|[0m [ 50%] [32m[1mLinking C static library libsb.a[0m
[36m|[0m [ 50%] Built target sb
[35m|[0m [ 39%] [32mBuilding C object es/CMakeFiles/es.dir/fsw/src/cfe_es_resource.c.o[0m
[31m|[0m [ 38%] [32mBuilding C object es/CMakeFiles/es.dir/fsw/src/cfe_es_perf.c.o[0m
[36m|[0m [35m[1mScanning dependencies of target tbl[0m
[36m|[0m [ 50%] [32mBuilding C object tbl/CMakeFiles/tbl.dir/fsw/src/cfe_tbl_api.c.o[0m
[31m|[0m [ 39%] [32mBuilding C object es/CMakeFiles/es.dir/fsw/src/cfe_es_resource.c.o[0m
[37m|[0m [ 25%] [32mBuilding C object osal/CMakeFiles/osal.dir/src/os/shared/src/osapi-module.c.o[0m
[35m|[0m [ 39%] [32mBuilding C object es/CMakeFiles/es.dir/fsw/src/cfe_es_start.c.o[0m
[36m|[0m [ 51%] [32mBuilding C object tbl/CMakeFiles/tbl.dir/fsw/src/cfe_tbl_internal.c.o[0m
[31m|[0m [ 39%] [32mBuilding C object es/CMakeFiles/es.dir/fsw/src/cfe_es_start.c.o[0m
[37m|[0m [ 26%] [32mBuilding C object osal/CMakeFiles/osal.dir/src/os/shared/src/osapi-mutex.c.o[0m
[35m|[0m [ 41%] [32mBuilding C object es/CMakeFiles/es.dir/fsw/src/cfe_es_syslog.c.o[0m
[31m|[0m [ 41%] [32mBuilding C object es/CMakeFiles/es.dir/fsw/src/cfe_es_syslog.c.o[0m
[37m|[0m [ 26%] [32mBuilding C object osal/CMakeFiles/osal.dir/src/os/shared/src/osapi-network.c.o[0m
[36m|[0m [ 51%] [32mBuilding C object tbl/CMakeFiles/tbl.dir/fsw/src/cfe_tbl_task.c.o[0m
[37m|[0m [ 28%] [32mBuilding C object osal/CMakeFiles/osal.dir/src/os/shared/src/osapi-printf.c.o[0m
[31m|[0m [ 41%] [32mBuilding C object es/CMakeFiles/es.dir/fsw/src/cfe_es_task.c.o[0m
[35m|[0m [ 41%] [32mBuilding C object es/CMakeFiles/es.dir/fsw/src/cfe_es_task.c.o[0m
[36m|[0m [ 52%] [32mBuilding C object tbl/CMakeFiles/tbl.dir/fsw/src/cfe_tbl_task_cmds.c.o[0m
[37m|[0m [ 28%] [32mBuilding C object osal/CMakeFiles/osal.dir/src/os/shared/src/osapi-queue.c.o[0m
[31m|[0m [ 42%] [32m[1mLinking C static library libes.a[0m
[36m|[0m [ 52%] [32m[1mLinking C static library libtbl.a[0m
[37m|[0m [ 29%] [32mBuilding C object osal/CMakeFiles/osal.dir/src/os/shared/src/osapi-select.c.o[0m
[36m|[0m [ 52%] Built target tbl
[31m|[0m [ 42%] Built target es
[37m|[0m [ 29%] [32mBuilding C object osal/CMakeFiles/osal.dir/src/os/shared/src/osapi-shell.c.o[0m
[36m|[0m [35m[1mScanning dependencies of target time[0m
[31m|[0m [35m[1mScanning dependencies of target evs[0m
[31m|[0m [ 42%] [32mBuilding C object evs/CMakeFiles/evs.dir/fsw/src/cfe_evs.c.o[0m
[36m|[0m [ 52%] [32mBuilding C object time/CMakeFiles/time.dir/fsw/src/cfe_time_api.c.o[0m
[37m|[0m [ 30%] [32mBuilding C object osal/CMakeFiles/osal.dir/src/os/shared/src/osapi-sockets.c.o[0m
[31m|[0m [ 43%] [32mBuilding C object evs/CMakeFiles/evs.dir/fsw/src/cfe_evs_log.c.o[0m
[35m|[0m [ 42%] [32m[1mLinking C static library libes.a[0m
[36m|[0m [ 53%] [32mBuilding C object time/CMakeFiles/time.dir/fsw/src/cfe_time_task.c.o[0m
[35m|[0m [ 42%] Built target es
[35m|[0m [35m[1mScanning dependencies of target evs[0m
[31m|[0m [ 43%] [32mBuilding C object evs/CMakeFiles/evs.dir/fsw/src/cfe_evs_task.c.o[0m
[35m|[0m [ 42%] [32mBuilding C object evs/CMakeFiles/evs.dir/fsw/src/cfe_evs.c.o[0m
[36m|[0m [ 53%] [32mBuilding C object time/CMakeFiles/time.dir/fsw/src/cfe_time_tone.c.o[0m
[37m|[0m [ 30%] [32mBuilding C object osal/CMakeFiles/osal.dir/src/os/shared/src/osapi-task.c.o[0m
[36m|[0m [ 53%] [32mBuilding C object time/CMakeFiles/time.dir/fsw/src/cfe_time_utils.c.o[0m
[35m|[0m [ 43%] [32mBuilding C object evs/CMakeFiles/evs.dir/fsw/src/cfe_evs_log.c.o[0m
[31m|[0m [ 44%] [32mBuilding C object evs/CMakeFiles/evs.dir/fsw/src/cfe_evs_utils.c.o[0m
[37m|[0m [ 32%] [32mBuilding C object osal/CMakeFiles/osal.dir/src/os/shared/src/osapi-timebase.c.o[0m
[35m|[0m [ 43%] [32mBuilding C object evs/CMakeFiles/evs.dir/fsw/src/cfe_evs_task.c.o[0m
[36m|[0m [ 55%] [32m[1mLinking C static library libtime.a[0m
[31m|[0m [ 44%] [32m[1mLinking C static library libevs.a[0m
[31m|[0m [ 44%] Built target evs
[37m|[0m [ 32%] [32mBuilding C object osal/CMakeFiles/osal.dir/src/os/shared/src/osapi-time.c.o[0m
[31m|[0m [35m[1mScanning dependencies of target fs[0m
[36m|[0m [ 55%] Built target time
[31m|[0m [ 44%] [32mBuilding C object fs/CMakeFiles/fs.dir/fsw/src/cfe_fs_api.c.o[0m
[36m|[0m [35m[1mScanning dependencies of target port_notimpl[0m
[36m|[0m [ 56%] [32mBuilding C object psp/port_notimpl-pc-linux-impl/CMakeFiles/port_notimpl.dir/cfe_psp_port_notimpl.c.o[0m
[31m|[0m [ 46%] [32mBuilding C object fs/CMakeFiles/fs.dir/fsw/src/cfe_fs_priv.c.o[0m
[36m|[0m [ 56%] [32m[1mLinking C static library libport_notimpl.a[0m
[37m|[0m [ 32%] [32mBuilding C object osal/CMakeFiles/osal.dir/src/os/shared/src/osapi-version.c.o[0m
[35m|[0m [ 44%] [32mBuilding C object evs/CMakeFiles/evs.dir/fsw/src/cfe_evs_utils.c.o[0m
[31m|[0m [ 46%] [32m[1mLinking C static library libfs.a[0m
[37m|[0m [ 33%] [32mBuilding C object osal/CMakeFiles/osal.dir/src/os/shared/src/osapi-debug.c.o[0m
[36m|[0m [ 56%] Built target port_notimpl
[31m|[0m [ 46%] Built target fs
[37m|[0m [ 33%] [32m[1mLinking C static library libosal.a[0m
[36m|[0m [35m[1mScanning dependencies of target psp-pc-linux-impl[0m
[31m|[0m [35m[1mScanning dependencies of target sb[0m
[31m|[0m [ 46%] [32mBuilding C object sb/CMakeFiles/sb.dir/fsw/src/cfe_sb_api.c.o[0m
[35m|[0m [ 44%] [32m[1mLinking C static library libevs.a[0m
[36m|[0m [ 57%] [32mBuilding C object psp/pc-linux-impl/CMakeFiles/psp-pc-linux-impl.dir/src/cfe_psp_exception.c.o[0m
[35m|[0m [ 44%] Built target evs
[35m|[0m [35m[1mScanning dependencies of target fs[0m
[37m|[0m [ 33%] Built target osal
[37m|[0m [35m[1mScanning dependencies of target es[0m
[35m|[0m [ 44%] [32mBuilding C object fs/CMakeFiles/fs.dir/fsw/src/cfe_fs_api.c.o[0m
[31m|[0m [ 47%] [32mBuilding C object sb/CMakeFiles/sb.dir/fsw/src/cfe_sb_buf.c.o[0m
[36m|[0m [ 57%] [32mBuilding C object psp/pc-linux-impl/CMakeFiles/psp-pc-linux-impl.dir/src/cfe_psp_memory.c.o[0m
[37m|[0m [ 33%] [32mBuilding C object es/CMakeFiles/es.dir/fsw/src/cfe_es_api.c.o[0m
[31m|[0m [ 47%] [32mBuilding C object sb/CMakeFiles/sb.dir/fsw/src/cfe_sb_init.c.o[0m
[36m|[0m [ 58%] [32mBuilding C object psp/pc-linux-impl/CMakeFiles/psp-pc-linux-impl.dir/src/cfe_psp_ssr.c.o[0m
[31m|[0m [ 48%] [32mBuilding C object sb/CMakeFiles/sb.dir/fsw/src/cfe_sb_msg_id_util.c.o[0m
[35m|[0m [ 46%] [32mBuilding C object fs/CMakeFiles/fs.dir/fsw/src/cfe_fs_priv.c.o[0m
[31m|[0m [ 48%] [32mBuilding C object sb/CMakeFiles/sb.dir/fsw/src/cfe_sb_priv.c.o[0m
[36m|[0m [ 58%] [32mBuilding C object psp/pc-linux-impl/CMakeFiles/psp-pc-linux-impl.dir/src/cfe_psp_start.c.o[0m
[35m|[0m [ 46%] [32m[1mLinking C static library libfs.a[0m
[31m|[0m [ 50%] [32mBuilding C object sb/CMakeFiles/sb.dir/fsw/src/cfe_sb_task.c.o[0m
[35m|[0m [ 46%] Built target fs
[35m|[0m [35m[1mScanning dependencies of target sb[0m
[37m|[0m [ 34%] [32mBuilding C object es/CMakeFiles/es.dir/fsw/src/cfe_es_apps.c.o[0m
[35m|[0m [ 46%] [32mBuilding C object sb/CMakeFiles/sb.dir/fsw/src/cfe_sb_api.c.o[0m
[36m|[0m [ 58%] [32mBuilding C object psp/pc-linux-impl/CMakeFiles/psp-pc-linux-impl.dir/src/cfe_psp_support.c.o[0m
[31m|[0m [ 50%] [32mBuilding C object sb/CMakeFiles/sb.dir/fsw/src/cfe_sb_util.c.o[0m
[36m|[0m [ 60%] [32mBuilding C object psp/pc-linux-impl/CMakeFiles/psp-pc-linux-impl.dir/src/cfe_psp_watchdog.c.o[0m
[31m|[0m [ 50%] [32m[1mLinking C static library libsb.a[0m
[36m|[0m [ 60%] Built target psp-pc-linux-impl
[37m|[0m [ 34%] [32mBuilding C object es/CMakeFiles/es.dir/fsw/src/cfe_es_backgroundtask.c.o[0m
[31m|[0m [ 50%] Built target sb
[36m|[0m [35m[1mScanning dependencies of target psp-pc-linux-shared[0m
[31m|[0m [35m[1mScanning dependencies of target tbl[0m
[36m|[0m [ 60%] [32mBuilding C object psp/pc-linux-shared/CMakeFiles/psp-pc-linux-shared.dir/src/cfe_psp_exceptionstorage.c.o[0m
[31m|[0m [ 50%] [32mBuilding C object tbl/CMakeFiles/tbl.dir/fsw/src/cfe_tbl_api.c.o[0m
[37m|[0m [ 35%] [32mBuilding C object es/CMakeFiles/es.dir/fsw/src/cfe_es_cds.c.o[0m
[36m|[0m [ 61%] [32mBuilding C object psp/pc-linux-shared/CMakeFiles/psp-pc-linux-shared.dir/src/cfe_psp_memrange.c.o[0m
[35m|[0m [ 47%] [32mBuilding C object sb/CMakeFiles/sb.dir/fsw/src/cfe_sb_buf.c.o[0m
[36m|[0m [ 61%] [32mBuilding C object psp/pc-linux-shared/CMakeFiles/psp-pc-linux-shared.dir/src/cfe_psp_memutils.c.o[0m
[31m|[0m [ 51%] [32mBuilding C object tbl/CMakeFiles/tbl.dir/fsw/src/cfe_tbl_internal.c.o[0m
[35m|[0m [ 47%] [32mBuilding C object sb/CMakeFiles/sb.dir/fsw/src/cfe_sb_init.c.o[0m
[36m|[0m [ 62%] [32mBuilding C object psp/pc-linux-shared/CMakeFiles/psp-pc-linux-shared.dir/src/cfe_psp_module.c.o[0m
[31m|[0m [ 51%] [32mBuilding C object tbl/CMakeFiles/tbl.dir/fsw/src/cfe_tbl_task.c.o[0m
[35m|[0m [ 48%] [32mBuilding C object sb/CMakeFiles/sb.dir/fsw/src/cfe_sb_msg_id_util.c.o[0m
[36m|[0m [ 62%] [32mBuilding C object psp/pc-linux-shared/CMakeFiles/psp-pc-linux-shared.dir/src/cfe_psp_version.c.o[0m
[37m|[0m [ 35%] [32mBuilding C object es/CMakeFiles/es.dir/fsw/src/cfe_es_cds_mempool.c.o[0m
[36m|[0m [ 62%] Built target psp-pc-linux-shared
[35m|[0m [ 48%] [32mBuilding C object sb/CMakeFiles/sb.dir/fsw/src/cfe_sb_priv.c.o[0m
[37m|[0m [ 37%] [32mBuilding C object es/CMakeFiles/es.dir/fsw/src/cfe_es_erlog.c.o[0m
[31m|[0m [ 52%] [32mBuilding C object tbl/CMakeFiles/tbl.dir/fsw/src/cfe_tbl_task_cmds.c.o[0m
[36m|[0m [35m[1mScanning dependencies of target soft_timebase[0m
[36m|[0m [ 64%] [32mBuilding C object psp/soft_timebase-pc-linux-impl/CMakeFiles/soft_timebase.dir/cfe_psp_soft_timebase.c.o[0m
[31m|[0m [ 52%] [32m[1mLinking C static library libtbl.a[0m
[35m|[0m [ 50%] [32mBuilding C object sb/CMakeFiles/sb.dir/fsw/src/cfe_sb_task.c.o[0m
[37m|[0m [ 37%] [32mBuilding C object es/CMakeFiles/es.dir/fsw/src/cfe_es_generic_pool.c.o[0m
[36m|[0m [ 64%] [32m[1mLinking C static library libsoft_timebase.a[0m
[31m|[0m [ 52%] Built target tbl
[36m|[0m [ 64%] Built target soft_timebase
[31m|[0m [35m[1mScanning dependencies of target time[0m
[36m|[0m [35m[1mScanning dependencies of target timebase_posix_clock[0m
[31m|[0m [ 52%] [32mBuilding C object time/CMakeFiles/time.dir/fsw/src/cfe_time_api.c.o[0m
[36m|[0m [ 65%] [32mBuilding C object psp/timebase_posix_clock-pc-linux-impl/CMakeFiles/timebase_posix_clock.dir/cfe_psp_timebase_posix_clock.c.o[0m
[36m|[0m [ 65%] [32m[1mLinking C static library libtimebase_posix_clock.a[0m
[31m|[0m [ 53%] [32mBuilding C object time/CMakeFiles/time.dir/fsw/src/cfe_time_task.c.o[0m
[36m|[0m [ 65%] Built target timebase_posix_clock
[36m|[0m [35m[1mScanning dependencies of target eeprom_mmap_file[0m
[36m|[0m [ 65%] [32mBuilding C object psp/eeprom_mmap_file-pc-linux-impl/CMakeFiles/eeprom_mmap_file.dir/cfe_psp_eeprom_mmap_file.c.o[0m
[37m|[0m [ 37%] [32mBuilding C object es/CMakeFiles/es.dir/fsw/src/cfe_es_mempool.c.o[0m
[35m|[0m [ 50%] [32mBuilding C object sb/CMakeFiles/sb.dir/fsw/src/cfe_sb_util.c.o[0m
[31m|[0m [ 53%] [32mBuilding C object time/CMakeFiles/time.dir/fsw/src/cfe_time_tone.c.o[0m
[36m|[0m [ 66%] [32m[1mLinking C static library libeeprom_mmap_file.a[0m
[36m|[0m [ 66%] Built target eeprom_mmap_file
[36m|[0m [35m[1mScanning dependencies of target ram_notimpl[0m
[35m|[0m [ 50%] [32m[1mLinking C static library libsb.a[0m
[36m|[0m [ 67%] [32mBuilding C object psp/ram_notimpl-pc-linux-impl/CMakeFiles/ram_notimpl.dir/cfe_psp_ram_notimpl.c.o[0m
[37m|[0m [ 38%] [32mBuilding C object es/CMakeFiles/es.dir/fsw/src/cfe_es_objtab.c.o[0m
[31m|[0m [ 53%] [32mBuilding C object time/CMakeFiles/time.dir/fsw/src/cfe_time_utils.c.o[0m
[35m|[0m [ 50%] Built target sb
[36m|[0m [ 67%] [32m[1mLinking C static library libram_notimpl.a[0m
[35m|[0m [35m[1mScanning dependencies of target tbl[0m
[36m|[0m [ 67%] Built target ram_notimpl
[31m|[0m [ 55%] [32m[1mLinking C static library libtime.a[0m
[37m|[0m [ 38%] [32mBuilding C object es/CMakeFiles/es.dir/fsw/src/cfe_es_perf.c.o[0m
[35m|[0m [ 50%] [32mBuilding C object tbl/CMakeFiles/tbl.dir/fsw/src/cfe_tbl_api.c.o[0m
[36m|[0m [35m[1mScanning dependencies of target psp-pc-linux[0m
[31m|[0m [ 55%] Built target time
[36m|[0m [ 69%] [32mBuilding C object psp/CMakeFiles/psp-pc-linux.dir/pc-linux_module_list.c.o[0m
[31m|[0m [35m[1mScanning dependencies of target port_notimpl[0m
[31m|[0m [ 56%] [32mBuilding C object psp/port_notimpl-pc-linux-impl/CMakeFiles/port_notimpl.dir/cfe_psp_port_notimpl.c.o[0m
[36m|[0m [ 69%] [32m[1mLinking C static library libpsp-pc-linux.a[0m
[37m|[0m [ 39%] [32mBuilding C object es/CMakeFiles/es.dir/fsw/src/cfe_es_resource.c.o[0m
[31m|[0m [ 56%] [32m[1mLinking C static library libport_notimpl.a[0m
[36m|[0m [ 69%] Built target psp-pc-linux
[36m|[0m [35m[1mScanning dependencies of target msg[0m
[31m|[0m [ 56%] Built target port_notimpl
[36m|[0m [ 69%] [32mBuilding C object msg/CMakeFiles/msg.dir/fsw/src/cfe_msg_ccsdspri.c.o[0m
[31m|[0m [35m[1mScanning dependencies of target psp-pc-linux-impl[0m
[31m|[0m [ 57%] [32mBuilding C object psp/pc-linux-impl/CMakeFiles/psp-pc-linux-impl.dir/src/cfe_psp_exception.c.o[0m
[37m|[0m [ 39%] [32mBuilding C object es/CMakeFiles/es.dir/fsw/src/cfe_es_start.c.o[0m
[36m|[0m [ 70%] [32mBuilding C object msg/CMakeFiles/msg.dir/fsw/src/cfe_msg_init.c.o[0m
[35m|[0m [ 51%] [32mBuilding C object tbl/CMakeFiles/tbl.dir/fsw/src/cfe_tbl_internal.c.o[0m
[31m|[0m [ 57%] [32mBuilding C object psp/pc-linux-impl/CMakeFiles/psp-pc-linux-impl.dir/src/cfe_psp_memory.c.o[0m
[36m|[0m [ 70%] [32mBuilding C object msg/CMakeFiles/msg.dir/fsw/src/cfe_msg_msgid_shared.c.o[0m
[36m|[0m [ 71%] [32mBuilding C object msg/CMakeFiles/msg.dir/fsw/src/cfe_msg_sechdr_checksum.c.o[0m
[37m|[0m [ 41%] [32mBuilding C object es/CMakeFiles/es.dir/fsw/src/cfe_es_syslog.c.o[0m
[31m|[0m [ 58%] [32mBuilding C object psp/pc-linux-impl/CMakeFiles/psp-pc-linux-impl.dir/src/cfe_psp_ssr.c.o[0m
[36m|[0m [ 71%] [32mBuilding C object msg/CMakeFiles/msg.dir/fsw/src/cfe_msg_sechdr_fc.c.o[0m
[36m|[0m [ 73%] [32mBuilding C object msg/CMakeFiles/msg.dir/fsw/src/cfe_msg_sechdr_time.c.o[0m
[31m|[0m [ 58%] [32mBuilding C object psp/pc-linux-impl/CMakeFiles/psp-pc-linux-impl.dir/src/cfe_psp_start.c.o[0m
[31m|[0m [ 58%] [32mBuilding C object psp/pc-linux-impl/CMakeFiles/psp-pc-linux-impl.dir/src/cfe_psp_support.c.o[0m
[35m|[0m [ 51%] [32mBuilding C object tbl/CMakeFiles/tbl.dir/fsw/src/cfe_tbl_task.c.o[0m
[36m|[0m [ 73%] [32mBuilding C object msg/CMakeFiles/msg.dir/fsw/src/cfe_msg_initdefaulthdr_pri.c.o[0m
[37m|[0m [ 41%] [32mBuilding C object es/CMakeFiles/es.dir/fsw/src/cfe_es_task.c.o[0m
[35m|[0m [ 52%] [32mBuilding C object tbl/CMakeFiles/tbl.dir/fsw/src/cfe_tbl_task_cmds.c.o[0m
[31m|[0m [ 60%] [32mBuilding C object psp/pc-linux-impl/CMakeFiles/psp-pc-linux-impl.dir/src/cfe_psp_watchdog.c.o[0m
[36m|[0m [ 74%] [32mBuilding C object msg/CMakeFiles/msg.dir/fsw/src/cfe_msg_msgid_v1.c.o[0m
[36m|[0m [ 74%] [32m[1mLinking C static library libmsg.a[0m
[36m|[0m [ 74%] Built target msg
[31m|[0m [ 60%] Built target psp-pc-linux-impl
[36m|[0m [35m[1mScanning dependencies of target sbr[0m
[31m|[0m [35m[1mScanning dependencies of target psp-pc-linux-shared[0m
[36m|[0m [ 74%] [32mBuilding C object sbr/CMakeFiles/sbr.dir/fsw/src/cfe_sbr_map_direct.c.o[0m
[31m|[0m [ 60%] [32mBuilding C object psp/pc-linux-shared/CMakeFiles/psp-pc-linux-shared.dir/src/cfe_psp_exceptionstorage.c.o[0m
[35m|[0m [ 52%] [32m[1mLinking C static library libtbl.a[0m
[36m|[0m [ 75%] [32mBuilding C object sbr/CMakeFiles/sbr.dir/fsw/src/cfe_sbr_route_unsorted.c.o[0m
[35m|[0m [ 52%] Built target tbl
[35m|[0m [35m[1mScanning dependencies of target time[0m
[31m|[0m [ 61%] [32mBuilding C object psp/pc-linux-shared/CMakeFiles/psp-pc-linux-shared.dir/src/cfe_psp_memrange.c.o[0m
[35m|[0m [ 52%] [32mBuilding C object time/CMakeFiles/time.dir/fsw/src/cfe_time_api.c.o[0m
[36m|[0m [ 75%] [32m[1mLinking C static library libsbr.a[0m
[36m|[0m [ 75%] Built target sbr
[31m|[0m [ 61%] [32mBuilding C object psp/pc-linux-shared/CMakeFiles/psp-pc-linux-shared.dir/src/cfe_psp_memutils.c.o[0m
[36m|[0m [35m[1mScanning dependencies of target resourceid[0m
[31m|[0m [ 62%] [32mBuilding C object psp/pc-linux-shared/CMakeFiles/psp-pc-linux-shared.dir/src/cfe_psp_module.c.o[0m
[35m|[0m [ 53%] [32mBuilding C object time/CMakeFiles/time.dir/fsw/src/cfe_time_task.c.o[0m
[36m|[0m [ 76%] [32mBuilding C object resourceid/CMakeFiles/resourceid.dir/fsw/src/cfe_resourceid_api.c.o[0m
[31m|[0m [ 62%] [32mBuilding C object psp/pc-linux-shared/CMakeFiles/psp-pc-linux-shared.dir/src/cfe_psp_version.c.o[0m
[37m|[0m [ 42%] [32m[1mLinking C static library libes.a[0m
[36m|[0m [ 76%] [32m[1mLinking C static library libresourceid.a[0m
[37m|[0m [ 42%] Built target es
[37m|[0m [35m[1mScanning dependencies of target evs[0m
[37m|[0m [ 42%] [32mBuilding C object evs/CMakeFiles/evs.dir/fsw/src/cfe_evs.c.o[0m
[36m|[0m [ 76%] Built target resourceid
[31m|[0m [ 62%] Built target psp-pc-linux-shared
[36m|[0m [35m[1mScanning dependencies of target ci_lab[0m
[31m|[0m [35m[1mScanning dependencies of target soft_timebase[0m
[31m|[0m [ 64%] [32mBuilding C object psp/soft_timebase-pc-linux-impl/CMakeFiles/soft_timebase.dir/cfe_psp_soft_timebase.c.o[0m
[36m|[0m [ 78%] [32mBuilding C object apps/ci_lab/CMakeFiles/ci_lab.dir/fsw/src/ci_lab_app.c.o[0m
[35m|[0m [ 53%] [32mBuilding C object time/CMakeFiles/time.dir/fsw/src/cfe_time_tone.c.o[0m
[31m|[0m [ 64%] [32m[1mLinking C static library libsoft_timebase.a[0m
[36m|[0m [ 78%] [32m[1mLinking C shared module ci_lab.so[0m
[31m|[0m [ 64%] Built target soft_timebase
[37m|[0m [ 43%] [32mBuilding C object evs/CMakeFiles/evs.dir/fsw/src/cfe_evs_log.c.o[0m
[31m|[0m [35m[1mScanning dependencies of target timebase_posix_clock[0m
[31m|[0m [ 65%] [32mBuilding C object psp/timebase_posix_clock-pc-linux-impl/CMakeFiles/timebase_posix_clock.dir/cfe_psp_timebase_posix_clock.c.o[0m
[35m|[0m [ 53%] [32mBuilding C object time/CMakeFiles/time.dir/fsw/src/cfe_time_utils.c.o[0m
[36m|[0m [ 78%] Built target ci_lab
[36m|[0m [35m[1mScanning dependencies of target cpu1_TO_LAB_Subs_to_lab_sub[0m
[31m|[0m [ 65%] [32m[1mLinking C static library libtimebase_posix_clock.a[0m
[36m|[0m [ 78%] [32mBuilding C object apps/to_lab/CMakeFiles/cpu1_TO_LAB_Subs_to_lab_sub.dir/fsw/tables/to_lab_sub.c.o[0m
[37m|[0m [ 43%] [32mBuilding C object evs/CMakeFiles/evs.dir/fsw/src/cfe_evs_task.c.o[0m
[31m|[0m [ 65%] Built target timebase_posix_clock
[31m|[0m [35m[1mScanning dependencies of target eeprom_mmap_file[0m
[36m|[0m [ 79%] [32m[1mLinking C static library libcpu1_TO_LAB_Subs_to_lab_sub.a[0m
[31m|[0m [ 65%] [32mBuilding C object psp/eeprom_mmap_file-pc-linux-impl/CMakeFiles/eeprom_mmap_file.dir/cfe_psp_eeprom_mmap_file.c.o[0m
[35m|[0m [ 55%] [32m[1mLinking C static library libtime.a[0m
[36m|[0m [ 79%] Built target cpu1_TO_LAB_Subs_to_lab_sub
[36m|[0m [35m[1mScanning dependencies of target to_lab[0m
[36m|[0m [ 80%] [32mBuilding C object apps/to_lab/CMakeFiles/to_lab.dir/fsw/src/to_lab_app.c.o[0m
[35m|[0m [ 55%] Built target time
[35m|[0m [35m[1mScanning dependencies of target port_notimpl[0m
[31m|[0m [ 66%] [32m[1mLinking C static library libeeprom_mmap_file.a[0m
[35m|[0m [ 56%] [32mBuilding C object psp/port_notimpl-pc-linux-impl/CMakeFiles/port_notimpl.dir/cfe_psp_port_notimpl.c.o[0m
[36m|[0m [ 80%] [32m[1mLinking C shared module to_lab.so[0m
[31m|[0m [ 66%] Built target eeprom_mmap_file
[31m|[0m [35m[1mScanning dependencies of target ram_notimpl[0m
[35m|[0m [ 56%] [32m[1mLinking C static library libport_notimpl.a[0m
[31m|[0m [ 67%] [32mBuilding C object psp/ram_notimpl-pc-linux-impl/CMakeFiles/ram_notimpl.dir/cfe_psp_ram_notimpl.c.o[0m
[36m|[0m [ 80%] Built target to_lab
[36m|[0m [35m[1mScanning dependencies of target cpu1_TO_LAB_Subs_to_lab_sub_tbl[0m
[35m|[0m [ 56%] Built target port_notimpl
[36m|[0m [ 80%] [34m[1mGenerating cpu1_TO_LAB_Subs_to_lab_sub/to_lab_sub.tbl[0m
[31m|[0m [ 67%] [32m[1mLinking C static library libram_notimpl.a[0m
[35m|[0m [35m[1mScanning dependencies of target psp-pc-linux-impl[0m
[37m|[0m [ 44%] [32mBuilding C object evs/CMakeFiles/evs.dir/fsw/src/cfe_evs_utils.c.o[0m
[36m|[0m Executing Process: /root/test/cFS/build/tools/elf2cfetbl/elf2cfetbl to_lab_sub.c.o
[36m|[0m Successfully converted /root/test/cFS/build/native/default_cpu1/apps/to_lab/libcpu1_TO_LAB_Subs_to_lab_sub.a to a CFE table
[36m|[0m [ 80%] Built target cpu1_TO_LAB_Subs_to_lab_sub_tbl
[35m|[0m [ 57%] [32mBuilding C object psp/pc-linux-impl/CMakeFiles/psp-pc-linux-impl.dir/src/cfe_psp_exception.c.o[0m
[31m|[0m [ 67%] Built target ram_notimpl
[36m|[0m [35m[1mScanning dependencies of target cpu1_sch_lab_table_sch_lab_table[0m
[31m|[0m [35m[1mScanning dependencies of target psp-pc-linux[0m
[36m|[0m [ 80%] [32mBuilding C object apps/sch_lab/CMakeFiles/cpu1_sch_lab_table_sch_lab_table.dir/fsw/tables/sch_lab_table.c.o[0m
[31m|[0m [ 69%] [32mBuilding C object psp/CMakeFiles/psp-pc-linux.dir/pc-linux_module_list.c.o[0m
[35m|[0m [ 57%] [32mBuilding C object psp/pc-linux-impl/CMakeFiles/psp-pc-linux-impl.dir/src/cfe_psp_memory.c.o[0m
[31m|[0m [ 69%] [32m[1mLinking C static library libpsp-pc-linux.a[0m
[36m|[0m [ 80%] [32m[1mLinking C static library libcpu1_sch_lab_table_sch_lab_table.a[0m
[37m|[0m [ 44%] [32m[1mLinking C static library libevs.a[0m
[31m|[0m [ 69%] Built target psp-pc-linux
[37m|[0m [ 44%] Built target evs
[36m|[0m [ 80%] Built target cpu1_sch_lab_table_sch_lab_table
[31m|[0m [35m[1mScanning dependencies of target msg[0m
[37m|[0m [35m[1mScanning dependencies of target fs[0m
[36m|[0m [35m[1mScanning dependencies of target sch_lab[0m
[37m|[0m [ 44%] [32mBuilding C object fs/CMakeFiles/fs.dir/fsw/src/cfe_fs_api.c.o[0m
[31m|[0m [ 69%] [32mBuilding C object msg/CMakeFiles/msg.dir/fsw/src/cfe_msg_ccsdspri.c.o[0m
[36m|[0m [ 82%] [32mBuilding C object apps/sch_lab/CMakeFiles/sch_lab.dir/fsw/src/sch_lab_app.c.o[0m
[35m|[0m [ 58%] [32mBuilding C object psp/pc-linux-impl/CMakeFiles/psp-pc-linux-impl.dir/src/cfe_psp_ssr.c.o[0m
[36m|[0m [ 82%] [32m[1mLinking C shared module sch_lab.so[0m
[31m|[0m [ 70%] [32mBuilding C object msg/CMakeFiles/msg.dir/fsw/src/cfe_msg_init.c.o[0m
[35m|[0m [ 58%] [32mBuilding C object psp/pc-linux-impl/CMakeFiles/psp-pc-linux-impl.dir/src/cfe_psp_start.c.o[0m
[36m|[0m [ 82%] Built target sch_lab
[36m|[0m [35m[1mScanning dependencies of target cpu1_sch_lab_table_sch_lab_table_tbl[0m
[36m|[0m [ 83%] [34m[1mGenerating cpu1_sch_lab_table_sch_lab_table/sch_lab_table.tbl[0m
[31m|[0m [ 70%] [32mBuilding C object msg/CMakeFiles/msg.dir/fsw/src/cfe_msg_msgid_shared.c.o[0m
[36m|[0m Executing Process: /root/test/cFS/build/tools/elf2cfetbl/elf2cfetbl sch_lab_table.c.o
[36m|[0m Successfully converted /root/test/cFS/build/native/default_cpu1/apps/sch_lab/libcpu1_sch_lab_table_sch_lab_table.a to a CFE table
[37m|[0m [ 46%] [32mBuilding C object fs/CMakeFiles/fs.dir/fsw/src/cfe_fs_priv.c.o[0m
[36m|[0m [ 83%] Built target cpu1_sch_lab_table_sch_lab_table_tbl
[36m|[0m [35m[1mScanning dependencies of target ut_assert_pic[0m
[31m|[0m [ 71%] [32mBuilding C object msg/CMakeFiles/msg.dir/fsw/src/cfe_msg_sechdr_checksum.c.o[0m
[35m|[0m [ 58%] [32mBuilding C object psp/pc-linux-impl/CMakeFiles/psp-pc-linux-impl.dir/src/cfe_psp_support.c.o[0m
[37m|[0m [ 46%] [32m[1mLinking C static library libfs.a[0m
[36m|[0m [ 84%] [32mBuilding C object osal/ut_assert/CMakeFiles/ut_assert_pic.dir/src/utassert.c.o[0m
[37m|[0m [ 46%] Built target fs
[37m|[0m [35m[1mScanning dependencies of target sb[0m
[31m|[0m [ 71%] [32mBuilding C object msg/CMakeFiles/msg.dir/fsw/src/cfe_msg_sechdr_fc.c.o[0m
[36m|[0m [ 84%] [32mBuilding C object osal/ut_assert/CMakeFiles/ut_assert_pic.dir/src/utlist.c.o[0m
[35m|[0m [ 60%] [32mBuilding C object psp/pc-linux-impl/CMakeFiles/psp-pc-linux-impl.dir/src/cfe_psp_watchdog.c.o[0m
[37m|[0m [ 46%] [32mBuilding C object sb/CMakeFiles/sb.dir/fsw/src/cfe_sb_api.c.o[0m
[31m|[0m [ 73%] [32mBuilding C object msg/CMakeFiles/msg.dir/fsw/src/cfe_msg_sechdr_time.c.o[0m
[36m|[0m [ 85%] [32mBuilding C object osal/ut_assert/CMakeFiles/ut_assert_pic.dir/src/utstubs.c.o[0m
[31m|[0m [ 73%] [32mBuilding C object msg/CMakeFiles/msg.dir/fsw/src/cfe_msg_initdefaulthdr_pri.c.o[0m
[35m|[0m [ 60%] Built target psp-pc-linux-impl
[31m|[0m [ 74%] [32mBuilding C object msg/CMakeFiles/msg.dir/fsw/src/cfe_msg_msgid_v1.c.o[0m
[36m|[0m [ 85%] [32mBuilding C object osal/ut_assert/CMakeFiles/ut_assert_pic.dir/src/uttest.c.o[0m
[35m|[0m [35m[1mScanning dependencies of target psp-pc-linux-shared[0m
[35m|[0m [ 60%] [32mBuilding C object psp/pc-linux-shared/CMakeFiles/psp-pc-linux-shared.dir/src/cfe_psp_exceptionstorage.c.o[0m
[31m|[0m [ 74%] [32m[1mLinking C static library libmsg.a[0m
[36m|[0m [ 87%] [32mBuilding C object osal/ut_assert/CMakeFiles/ut_assert_pic.dir/src/uttools.c.o[0m
[31m|[0m [ 74%] Built target msg
[31m|[0m [35m[1mScanning dependencies of target sbr[0m
[35m|[0m [ 61%] [32mBuilding C object psp/pc-linux-shared/CMakeFiles/psp-pc-linux-shared.dir/src/cfe_psp_memrange.c.o[0m
[31m|[0m [ 74%] [32mBuilding C object sbr/CMakeFiles/sbr.dir/fsw/src/cfe_sbr_map_direct.c.o[0m
[36m|[0m [ 87%] Built target ut_assert_pic
[36m|[0m [35m[1mScanning dependencies of target cfe_assert[0m
[36m|[0m [ 87%] [32mBuilding C object apps/cfe_assert/CMakeFiles/cfe_assert.dir/src/cfe_assert_io.c.o[0m
[35m|[0m [ 61%] [32mBuilding C object psp/pc-linux-shared/CMakeFiles/psp-pc-linux-shared.dir/src/cfe_psp_memutils.c.o[0m
[31m|[0m [ 75%] [32mBuilding C object sbr/CMakeFiles/sbr.dir/fsw/src/cfe_sbr_route_unsorted.c.o[0m
[36m|[0m [ 87%] [32mBuilding C object apps/cfe_assert/CMakeFiles/cfe_assert.dir/src/cfe_assert_init.c.o[0m
[35m|[0m [ 62%] [32mBuilding C object psp/pc-linux-shared/CMakeFiles/psp-pc-linux-shared.dir/src/cfe_psp_module.c.o[0m
[31m|[0m [ 75%] [32m[1mLinking C static library libsbr.a[0m
[37m|[0m [ 47%] [32mBuilding C object sb/CMakeFiles/sb.dir/fsw/src/cfe_sb_buf.c.o[0m
[36m|[0m [ 88%] [32mBuilding C object apps/cfe_assert/CMakeFiles/cfe_assert.dir/src/cfe_assert_runner.c.o[0m
[31m|[0m [ 75%] Built target sbr
[31m|[0m [35m[1mScanning dependencies of target resourceid[0m
[35m|[0m [ 62%] [32mBuilding C object psp/pc-linux-shared/CMakeFiles/psp-pc-linux-shared.dir/src/cfe_psp_version.c.o[0m
[31m|[0m [ 76%] [32mBuilding C object resourceid/CMakeFiles/resourceid.dir/fsw/src/cfe_resourceid_api.c.o[0m
[37m|[0m [ 47%] [32mBuilding C object sb/CMakeFiles/sb.dir/fsw/src/cfe_sb_init.c.o[0m
[35m|[0m [ 62%] Built target psp-pc-linux-shared
[36m|[0m [ 88%] [32m[1mLinking C shared module cfe_assert.so[0m
[35m|[0m [35m[1mScanning dependencies of target soft_timebase[0m
[35m|[0m [ 64%] [32mBuilding C object psp/soft_timebase-pc-linux-impl/CMakeFiles/soft_timebase.dir/cfe_psp_soft_timebase.c.o[0m
[31m|[0m [ 76%] [32m[1mLinking C static library libresourceid.a[0m
[36m|[0m [ 88%] Built target cfe_assert
[36m|[0m [35m[1mScanning dependencies of target cpu1_sampleAppTable_sample_app_tbl[0m
[37m|[0m [ 48%] [32mBuilding C object sb/CMakeFiles/sb.dir/fsw/src/cfe_sb_msg_id_util.c.o[0m
[36m|[0m [ 89%] [32mBuilding C object apps/sample_app/CMakeFiles/cpu1_sampleAppTable_sample_app_tbl.dir/fsw/tables/sample_app_tbl.c.o[0m
[35m|[0m [ 64%] [32m[1mLinking C static library libsoft_timebase.a[0m
[36m|[0m [ 89%] [32m[1mLinking C static library libcpu1_sampleAppTable_sample_app_tbl.a[0m
[31m|[0m [ 76%] Built target resourceid
[35m|[0m [ 64%] Built target soft_timebase
[31m|[0m [35m[1mScanning dependencies of target ci_lab[0m
[35m|[0m [35m[1mScanning dependencies of target timebase_posix_clock[0m
[37m|[0m [ 48%] [32mBuilding C object sb/CMakeFiles/sb.dir/fsw/src/cfe_sb_priv.c.o[0m
[35m|[0m [ 65%] [32mBuilding C object psp/timebase_posix_clock-pc-linux-impl/CMakeFiles/timebase_posix_clock.dir/cfe_psp_timebase_posix_clock.c.o[0m
[36m|[0m [ 89%] Built target cpu1_sampleAppTable_sample_app_tbl
[31m|[0m [ 78%] [32mBuilding C object apps/ci_lab/CMakeFiles/ci_lab.dir/fsw/src/ci_lab_app.c.o[0m
[36m|[0m [35m[1mScanning dependencies of target sample_app[0m
[35m|[0m [ 65%] [32m[1mLinking C static library libtimebase_posix_clock.a[0m
[36m|[0m [ 89%] [32mBuilding C object apps/sample_app/CMakeFiles/sample_app.dir/fsw/src/sample_app.c.o[0m
[37m|[0m [ 50%] [32mBuilding C object sb/CMakeFiles/sb.dir/fsw/src/cfe_sb_task.c.o[0m
[35m|[0m [ 65%] Built target timebase_posix_clock
[36m|[0m [ 91%] [32m[1mLinking C shared module sample_app.so[0m
[35m|[0m [35m[1mScanning dependencies of target eeprom_mmap_file[0m
[31m|[0m [ 78%] [32m[1mLinking C shared module ci_lab.so[0m
[35m|[0m [ 65%] [32mBuilding C object psp/eeprom_mmap_file-pc-linux-impl/CMakeFiles/eeprom_mmap_file.dir/cfe_psp_eeprom_mmap_file.c.o[0m
[36m|[0m [ 91%] Built target sample_app
[36m|[0m [35m[1mScanning dependencies of target cpu1_sampleAppTable_sample_app_tbl_tbl[0m
[31m|[0m [ 78%] Built target ci_lab
[35m|[0m [ 66%] [32m[1mLinking C static library libeeprom_mmap_file.a[0m
[36m|[0m [ 92%] [34m[1mGenerating cpu1_sampleAppTable_sample_app_tbl/sample_app_tbl.tbl[0m
[31m|[0m [35m[1mScanning dependencies of target cpu1_TO_LAB_Subs_to_lab_sub[0m
[36m|[0m Executing Process: /root/test/cFS/build/tools/elf2cfetbl/elf2cfetbl sample_app_tbl.c.o
[36m|[0m Successfully converted /root/test/cFS/build/native/default_cpu1/apps/sample_app/libcpu1_sampleAppTable_sample_app_tbl.a to a CFE table
[35m|[0m [ 66%] Built target eeprom_mmap_file
[35m|[0m [35m[1mScanning dependencies of target ram_notimpl[0m
[31m|[0m [ 78%] [32mBuilding C object apps/to_lab/CMakeFiles/cpu1_TO_LAB_Subs_to_lab_sub.dir/fsw/tables/to_lab_sub.c.o[0m
[36m|[0m [ 92%] Built target cpu1_sampleAppTable_sample_app_tbl_tbl
[35m|[0m [ 67%] [32mBuilding C object psp/ram_notimpl-pc-linux-impl/CMakeFiles/ram_notimpl.dir/cfe_psp_ram_notimpl.c.o[0m
[36m|[0m [35m[1mScanning dependencies of target sample_lib[0m
[37m|[0m [ 50%] [32mBuilding C object sb/CMakeFiles/sb.dir/fsw/src/cfe_sb_util.c.o[0m
[35m|[0m [ 67%] [32m[1mLinking C static library libram_notimpl.a[0m
[36m|[0m [ 92%] [32mBuilding C object apps/sample_lib/CMakeFiles/sample_lib.dir/fsw/src/sample_lib.c.o[0m
[31m|[0m [ 79%] [32m[1mLinking C static library libcpu1_TO_LAB_Subs_to_lab_sub.a[0m
[35m|[0m [ 67%] Built target ram_notimpl
[35m|[0m [35m[1mScanning dependencies of target psp-pc-linux[0m
[35m|[0m [ 69%] [32mBuilding C object psp/CMakeFiles/psp-pc-linux.dir/pc-linux_module_list.c.o[0m
[35m|[0m [ 69%] [32m[1mLinking C static library libpsp-pc-linux.a[0m
[31m|[0m [ 79%] Built target cpu1_TO_LAB_Subs_to_lab_sub
[31m|[0m [35m[1mScanning dependencies of target to_lab[0m
[36m|[0m [ 93%] [32m[1mLinking C shared module sample_lib.so[0m
[37m|[0m [ 50%] [32m[1mLinking C static library libsb.a[0m
[35m|[0m [ 69%] Built target psp-pc-linux
[31m|[0m [ 80%] [32mBuilding C object apps/to_lab/CMakeFiles/to_lab.dir/fsw/src/to_lab_app.c.o[0m
[35m|[0m [35m[1mScanning dependencies of target msg[0m
[36m|[0m [ 93%] Built target sample_lib
[35m|[0m [ 69%] [32mBuilding C object msg/CMakeFiles/msg.dir/fsw/src/cfe_msg_ccsdspri.c.o[0m
[37m|[0m [ 50%] Built target sb
[36m|[0m [ 93%] [34m[1mGenerating cfe_build_env_table.c[0m
[37m|[0m [35m[1mScanning dependencies of target tbl[0m
[35m|[0m [ 70%] [32mBuilding C object msg/CMakeFiles/msg.dir/fsw/src/cfe_msg_init.c.o[0m
[36m|[0m [ 94%] [34m[1mGenerating cfe_module_version_table.c[0m
[37m|[0m [ 50%] [32mBuilding C object tbl/CMakeFiles/tbl.dir/fsw/src/cfe_tbl_api.c.o[0m
[36m|[0m [35m[1mScanning dependencies of target core-cpu1[0m
[35m|[0m [ 70%] [32mBuilding C object msg/CMakeFiles/msg.dir/fsw/src/cfe_msg_msgid_shared.c.o[0m
[31m|[0m [ 80%] [32m[1mLinking C shared module to_lab.so[0m
[36m|[0m [ 96%] [32mBuilding C object cpu1/CMakeFiles/core-cpu1.dir/root/test/cFS/build/src/cfe_mission_strings.c.o[0m
[35m|[0m [ 71%] [32mBuilding C object msg/CMakeFiles/msg.dir/fsw/src/cfe_msg_sechdr_checksum.c.o[0m
[36m|[0m [ 96%] [32mBuilding C object cpu1/CMakeFiles/core-cpu1.dir/cfe_module_version_table.c.o[0m
[31m|[0m [ 80%] Built target to_lab
[31m|[0m [35m[1mScanning dependencies of target cpu1_TO_LAB_Subs_to_lab_sub_tbl[0m
[36m|[0m [ 97%] [32mBuilding C object cpu1/CMakeFiles/core-cpu1.dir/cfe_build_env_table.c.o[0m
[31m|[0m [ 80%] [34m[1mGenerating cpu1_TO_LAB_Subs_to_lab_sub/to_lab_sub.tbl[0m
[35m|[0m [ 71%] [32mBuilding C object msg/CMakeFiles/msg.dir/fsw/src/cfe_msg_sechdr_fc.c.o[0m
[36m|[0m [ 97%] [32mBuilding C object cpu1/CMakeFiles/core-cpu1.dir/cfe_psp_module_list.c.o[0m
[31m|[0m Executing Process: /root/test/cFS/build/tools/elf2cfetbl/elf2cfetbl to_lab_sub.c.o
[31m|[0m Successfully converted /root/test/cFS/build/native/default_cpu1/apps/to_lab/libcpu1_TO_LAB_Subs_to_lab_sub.a to a CFE table
[31m|[0m [ 80%] Built target cpu1_TO_LAB_Subs_to_lab_sub_tbl
[31m|[0m [35m[1mScanning dependencies of target cpu1_sch_lab_table_sch_lab_table[0m
[36m|[0m [ 97%] [32mBuilding C object cpu1/CMakeFiles/core-cpu1.dir/cfe_static_symbol_list.c.o[0m
[31m|[0m [ 80%] [32mBuilding C object apps/sch_lab/CMakeFiles/cpu1_sch_lab_table_sch_lab_table.dir/fsw/tables/sch_lab_table.c.o[0m
[35m|[0m [ 73%] [32mBuilding C object msg/CMakeFiles/msg.dir/fsw/src/cfe_msg_sechdr_time.c.o[0m
[36m|[0m [ 98%] [32mBuilding C object cpu1/CMakeFiles/core-cpu1.dir/cfe_static_module_list.c.o[0m
[37m|[0m [ 51%] [32mBuilding C object tbl/CMakeFiles/tbl.dir/fsw/src/cfe_tbl_internal.c.o[0m
[36m|[0m [ 98%] [32mBuilding C object cpu1/CMakeFiles/core-cpu1.dir/src/target_config.c.o[0m
[31m|[0m [ 80%] [32m[1mLinking C static library libcpu1_sch_lab_table_sch_lab_table.a[0m
[36m|[0m [100%] [32m[1mLinking C executable core-cpu1[0m
[35m|[0m [ 73%] [32mBuilding C object msg/CMakeFiles/msg.dir/fsw/src/cfe_msg_initdefaulthdr_pri.c.o[0m
[31m|[0m [ 80%] Built target cpu1_sch_lab_table_sch_lab_table
[31m|[0m [35m[1mScanning dependencies of target sch_lab[0m
[36m|[0m [100%] Built target core-cpu1
[35m|[0m [ 74%] [32mBuilding C object msg/CMakeFiles/msg.dir/fsw/src/cfe_msg_msgid_v1.c.o[0m
[31m|[0m [ 82%] [32mBuilding C object apps/sch_lab/CMakeFiles/sch_lab.dir/fsw/src/sch_lab_app.c.o[0m
[36m|[0m [36mInstall the project...[0m
[36m|[0m -- Install configuration: "debug"
[36m|[0m -- Installing: /root/test/cFS/build/exe/cpu1/cf/cfe_es_startup.scr
[36m|[0m -- Installing: /root/test/cFS/build/exe/cpu1/cf/ci_lab.so
[36m|[0m -- Installing: /root/test/cFS/build/exe/cpu1/cf/to_lab.so
[36m|[0m -- Installing: /root/test/cFS/build/exe/cpu1/cf/to_lab_sub.tbl
[36m|[0m -- Installing: /root/test/cFS/build/exe/cpu1/cf/sch_lab.so
[36m|[0m -- Installing: /root/test/cFS/build/exe/cpu1/cf/sch_lab_table.tbl
[36m|[0m -- Installing: /root/test/cFS/build/exe/cpu1/cf/cfe_assert.so
[36m|[0m -- Installing: /root/test/cFS/build/exe/cpu1/cf/sample_app.so
[36m|[0m -- Installing: /root/test/cFS/build/exe/cpu1/cf/sample_app_tbl.tbl
[36m|[0m -- Installing: /root/test/cFS/build/exe/cpu1/cf/sample_lib.so
[36m|[0m -- Installing: /root/test/cFS/build/exe/cpu1/core-cpu1
[36m|[0m [100%] Built target native_default_cpu1-install
[31m|[0m [ 82%] [32m[1mLinking C shared module sch_lab.so[0m
[35m|[0m [ 74%] [32m[1mLinking C static library libmsg.a[0m
[36m|[0m [35m[1mScanning dependencies of target mission-install[0m
[31m|[0m [ 82%] Built target sch_lab
[37m|[0m [ 51%] [32mBuilding C object tbl/CMakeFiles/tbl.dir/fsw/src/cfe_tbl_task.c.o[0m
[35m|[0m [ 74%] Built target msg
[31m|[0m [35m[1mScanning dependencies of target cpu1_sch_lab_table_sch_lab_table_tbl[0m
[36m|[0m [35m[1mScanning dependencies of target cmdUtil[0m
[31m|[0m [ 83%] [34m[1mGenerating cpu1_sch_lab_table_sch_lab_table/sch_lab_table.tbl[0m
[35m|[0m [35m[1mScanning dependencies of target sbr[0m
[36m|[0m [ 14%] [32mBuilding C object tools/cFS-GroundSystem/Subsystems/cmdUtil/CMakeFiles/cmdUtil.dir/cmdUtil.c.o[0m
[31m|[0m Executing Process: /root/test/cFS/build/tools/elf2cfetbl/elf2cfetbl sch_lab_table.c.o
[31m|[0m Successfully converted /root/test/cFS/build/native/default_cpu1/apps/sch_lab/libcpu1_sch_lab_table_sch_lab_table.a to a CFE table
[35m|[0m [ 74%] [32mBuilding C object sbr/CMakeFiles/sbr.dir/fsw/src/cfe_sbr_map_direct.c.o[0m
[31m|[0m [ 83%] Built target cpu1_sch_lab_table_sch_lab_table_tbl
[37m|[0m [ 52%] [32mBuilding C object tbl/CMakeFiles/tbl.dir/fsw/src/cfe_tbl_task_cmds.c.o[0m
[31m|[0m [35m[1mScanning dependencies of target ut_assert_pic[0m
[36m|[0m [ 28%] [32mBuilding C object tools/cFS-GroundSystem/Subsystems/cmdUtil/CMakeFiles/cmdUtil.dir/SendUdp.c.o[0m
[31m|[0m [ 84%] [32mBuilding C object osal/ut_assert/CMakeFiles/ut_assert_pic.dir/src/utassert.c.o[0m
[35m|[0m [ 75%] [32mBuilding C object sbr/CMakeFiles/sbr.dir/fsw/src/cfe_sbr_route_unsorted.c.o[0m
[36m|[0m [ 42%] [32m[1mLinking C executable cmdUtil[0m
[31m|[0m [ 84%] [32mBuilding C object osal/ut_assert/CMakeFiles/ut_assert_pic.dir/src/utlist.c.o[0m
[35m|[0m [ 75%] [32m[1mLinking C static library libsbr.a[0m
[36m|[0m [ 42%] Built target cmdUtil
[31m|[0m [ 85%] [32mBuilding C object osal/ut_assert/CMakeFiles/ut_assert_pic.dir/src/utstubs.c.o[0m
[36m|[0m [ 71%] Built target elf2cfetbl
[35m|[0m [ 75%] Built target sbr
[35m|[0m [35m[1mScanning dependencies of target resourceid[0m
[37m|[0m [ 52%] [32m[1mLinking C static library libtbl.a[0m
[36m|[0m [35m[1mScanning dependencies of target cfe_ts_crc[0m
[31m|[0m [ 85%] [32mBuilding C object osal/ut_assert/CMakeFiles/ut_assert_pic.dir/src/uttest.c.o[0m
[35m|[0m [ 76%] [32mBuilding C object resourceid/CMakeFiles/resourceid.dir/fsw/src/cfe_resourceid_api.c.o[0m
[36m|[0m [ 85%] [32mBuilding C object tools/tblCRCTool/CMakeFiles/cfe_ts_crc.dir/cfe_ts_crc.c.o[0m
[31m|[0m [ 87%] [32mBuilding C object osal/ut_assert/CMakeFiles/ut_assert_pic.dir/src/uttools.c.o[0m
[35m|[0m [ 76%] [32m[1mLinking C static library libresourceid.a[0m
[37m|[0m [ 52%] Built target tbl
[36m|[0m [100%] [32m[1mLinking C executable cfe_ts_crc[0m
[37m|[0m [35m[1mScanning dependencies of target time[0m
[36m|[0m [100%] Built target cfe_ts_crc
[36m|[0m [36mInstall the project...[0m
[35m|[0m [ 76%] Built target resourceid
[31m|[0m [ 87%] Built target ut_assert_pic
[37m|[0m [ 52%] [32mBuilding C object time/CMakeFiles/time.dir/fsw/src/cfe_time_api.c.o[0m
[35m|[0m [35m[1mScanning dependencies of target ci_lab[0m
[36m|[0m -- Install configuration: "debug"
[36m|[0m -- Installing: /root/test/cFS/build/exe/host/cmdUtil
[36m|[0m -- Installing: /root/test/cFS/build/exe/host/elf2cfetbl
[36m|[0m -- Installing: /root/test/cFS/build/exe/host/cfe_ts_crc
[31m|[0m [35m[1mScanning dependencies of target cfe_assert[0m
[36m|[0m Built target mission-install
[36m[Deprecated Build, Test, and Run/Run-1               ] [0m  âœ…  Success - Make Install
[31m|[0m [ 87%] [32mBuilding C object apps/cfe_assert/CMakeFiles/cfe_assert.dir/src/cfe_assert_io.c.o[0m
[35m|[0m [ 78%] [32mBuilding C object apps/ci_lab/CMakeFiles/ci_lab.dir/fsw/src/ci_lab_app.c.o[0m
[37m|[0m [ 53%] [32mBuilding C object time/CMakeFiles/time.dir/fsw/src/cfe_time_task.c.o[0m
[35m|[0m [ 78%] [32m[1mLinking C shared module ci_lab.so[0m
[31m|[0m [ 87%] [32mBuilding C object apps/cfe_assert/CMakeFiles/cfe_assert.dir/src/cfe_assert_init.c.o[0m
[35m|[0m [ 78%] Built target ci_lab
[35m|[0m [35m[1mScanning dependencies of target cpu1_TO_LAB_Subs_to_lab_sub[0m
[31m|[0m [ 88%] [32mBuilding C object apps/cfe_assert/CMakeFiles/cfe_assert.dir/src/cfe_assert_runner.c.o[0m
[31m|[0m [ 88%] [32m[1mLinking C shared module cfe_assert.so[0m
[35m|[0m [ 78%] [32mBuilding C object apps/to_lab/CMakeFiles/cpu1_TO_LAB_Subs_to_lab_sub.dir/fsw/tables/to_lab_sub.c.o[0m
[31m|[0m [ 88%] Built target cfe_assert
[31m|[0m [35m[1mScanning dependencies of target cpu1_sampleAppTable_sample_app_tbl[0m
[35m|[0m [ 79%] [32m[1mLinking C static library libcpu1_TO_LAB_Subs_to_lab_sub.a[0m
[37m|[0m [ 53%] [32mBuilding C object time/CMakeFiles/time.dir/fsw/src/cfe_time_tone.c.o[0m
[31m|[0m [ 89%] [32mBuilding C object apps/sample_app/CMakeFiles/cpu1_sampleAppTable_sample_app_tbl.dir/fsw/tables/sample_app_tbl.c.o[0m
[37m|[0m [ 53%] [32mBuilding C object time/CMakeFiles/time.dir/fsw/src/cfe_time_utils.c.o[0m
[31m|[0m [ 89%] [32m[1mLinking C static library libcpu1_sampleAppTable_sample_app_tbl.a[0m
[35m|[0m [ 79%] Built target cpu1_TO_LAB_Subs_to_lab_sub
[35m|[0m [35m[1mScanning dependencies of target to_lab[0m
[35m|[0m [ 80%] [32mBuilding C object apps/to_lab/CMakeFiles/to_lab.dir/fsw/src/to_lab_app.c.o[0m
[31m|[0m [ 89%] Built target cpu1_sampleAppTable_sample_app_tbl
[31m|[0m [35m[1mScanning dependencies of target sample_app[0m
[37m|[0m [ 55%] [32m[1mLinking C static library libtime.a[0m
[31m|[0m [ 89%] [32mBuilding C object apps/sample_app/CMakeFiles/sample_app.dir/fsw/src/sample_app.c.o[0m
[35m|[0m [ 80%] [32m[1mLinking C shared module to_lab.so[0m
[35m|[0m [ 80%] Built target to_lab
[37m|[0m [ 55%] Built target time
[35m|[0m [35m[1mScanning dependencies of target cpu1_TO_LAB_Subs_to_lab_sub_tbl[0m
[35m|[0m [ 80%] [34m[1mGenerating cpu1_TO_LAB_Subs_to_lab_sub/to_lab_sub.tbl[0m
[35m|[0m Executing Process: /root/test/cFS/build/tools/elf2cfetbl/elf2cfetbl to_lab_sub.c.o
[35m|[0m Successfully converted /root/test/cFS/build/native/default_cpu1/apps/to_lab/libcpu1_TO_LAB_Subs_to_lab_sub.a to a CFE table
[37m|[0m [35m[1mScanning dependencies of target port_notimpl[0m
[31m|[0m [ 91%] [32m[1mLinking C shared module sample_app.so[0m
[35m|[0m [ 80%] Built target cpu1_TO_LAB_Subs_to_lab_sub_tbl
[35m|[0m [35m[1mScanning dependencies of target cpu1_sch_lab_table_sch_lab_table[0m
[35m|[0m [ 80%] [32mBuilding C object apps/sch_lab/CMakeFiles/cpu1_sch_lab_table_sch_lab_table.dir/fsw/tables/sch_lab_table.c.o[0m
[37m|[0m [ 56%] [32mBuilding C object psp/port_notimpl-pc-linux-impl/CMakeFiles/port_notimpl.dir/cfe_psp_port_notimpl.c.o[0m
[31m|[0m [ 91%] Built target sample_app
[35m|[0m [ 80%] [32m[1mLinking C static library libcpu1_sch_lab_table_sch_lab_table.a[0m
[31m|[0m [35m[1mScanning dependencies of target cpu1_sampleAppTable_sample_app_tbl_tbl[0m
[31m|[0m [ 92%] [34m[1mGenerating cpu1_sampleAppTable_sample_app_tbl/sample_app_tbl.tbl[0m
[37m|[0m [ 56%] [32m[1mLinking C static library libport_notimpl.a[0m
[35m|[0m [ 80%] Built target cpu1_sch_lab_table_sch_lab_table
[31m|[0m Executing Process: /root/test/cFS/build/tools/elf2cfetbl/elf2cfetbl sample_app_tbl.c.o
[31m|[0m Successfully converted /root/test/cFS/build/native/default_cpu1/apps/sample_app/libcpu1_sampleAppTable_sample_app_tbl.a to a CFE table
[36m[Deprecated Build, Test, and Run/Run-1               ] [0mâ­  Run List cpu1
[35m|[0m [35m[1mScanning dependencies of target sch_lab[0m
[31m|[0m [ 92%] Built target cpu1_sampleAppTable_sample_app_tbl_tbl
[31m|[0m [35m[1mScanning dependencies of target sample_lib[0m
[35m|[0m [ 82%] [32mBuilding C object apps/sch_lab/CMakeFiles/sch_lab.dir/fsw/src/sch_lab_app.c.o[0m
[37m|[0m [ 56%] Built target port_notimpl
[31m|[0m [ 92%] [32mBuilding C object apps/sample_lib/CMakeFiles/sample_lib.dir/fsw/src/sample_lib.c.o[0m
[37m|[0m [35m[1mScanning dependencies of target psp-pc-linux-impl[0m
[37m|[0m [ 57%] [32mBuilding C object psp/pc-linux-impl/CMakeFiles/psp-pc-linux-impl.dir/src/cfe_psp_exception.c.o[0m
[35m|[0m [ 82%] [32m[1mLinking C shared module sch_lab.so[0m
[31m|[0m [ 93%] [32m[1mLinking C shared module sample_lib.so[0m
[37m|[0m [ 57%] [32mBuilding C object psp/pc-linux-impl/CMakeFiles/psp-pc-linux-impl.dir/src/cfe_psp_memory.c.o[0m
[31m|[0m [ 93%] Built target sample_lib
[36m[Deprecated Build, Test, and Run/Run-1               ] [0m  ðŸ³  docker exec cmd=[bash --noprofile --norc -e -o pipefail /root/test/cFS/workflow/3] user=
[31m|[0m [ 93%] [34m[1mGenerating cfe_build_env_table.c[0m
[31m|[0m [ 94%] [34m[1mGenerating cfe_module_version_table.c[0m
[35m|[0m [ 82%] Built target sch_lab
[35m|[0m [35m[1mScanning dependencies of target cpu1_sch_lab_table_sch_lab_table_tbl[0m
[37m|[0m [ 58%] [32mBuilding C object psp/pc-linux-impl/CMakeFiles/psp-pc-linux-impl.dir/src/cfe_psp_ssr.c.o[0m
[35m|[0m [ 83%] [34m[1mGenerating cpu1_sch_lab_table_sch_lab_table/sch_lab_table.tbl[0m
[31m|[0m [35m[1mScanning dependencies of target core-cpu1[0m
[35m|[0m Executing Process: /root/test/cFS/build/tools/elf2cfetbl/elf2cfetbl sch_lab_table.c.o
[35m|[0m Successfully converted /root/test/cFS/build/native/default_cpu1/apps/sch_lab/libcpu1_sch_lab_table_sch_lab_table.a to a CFE table
[35m|[0m [ 83%] Built target cpu1_sch_lab_table_sch_lab_table_tbl
[31m|[0m [ 96%] [32mBuilding C object cpu1/CMakeFiles/core-cpu1.dir/root/test/cFS/build/src/cfe_mission_strings.c.o[0m
[35m|[0m [35m[1mScanning dependencies of target ut_assert_pic[0m
[35m|[0m [ 84%] [32mBuilding C object osal/ut_assert/CMakeFiles/ut_assert_pic.dir/src/utassert.c.o[0m
[31m|[0m [ 96%] [32mBuilding C object cpu1/CMakeFiles/core-cpu1.dir/cfe_module_version_table.c.o[0m
[37m|[0m [ 58%] [32mBuilding C object psp/pc-linux-impl/CMakeFiles/psp-pc-linux-impl.dir/src/cfe_psp_start.c.o[0m
[31m|[0m [ 97%] [32mBuilding C object cpu1/CMakeFiles/core-cpu1.dir/cfe_build_env_table.c.o[0m
[37m|[0m [ 58%] [32mBuilding C object psp/pc-linux-impl/CMakeFiles/psp-pc-linux-impl.dir/src/cfe_psp_support.c.o[0m
[31m|[0m [ 97%] [32mBuilding C object cpu1/CMakeFiles/core-cpu1.dir/cfe_psp_module_list.c.o[0m
[35m|[0m [ 84%] [32mBuilding C object osal/ut_assert/CMakeFiles/ut_assert_pic.dir/src/utlist.c.o[0m
[31m|[0m [ 97%] [32mBuilding C object cpu1/CMakeFiles/core-cpu1.dir/cfe_static_symbol_list.c.o[0m
[37m|[0m [ 60%] [32mBuilding C object psp/pc-linux-impl/CMakeFiles/psp-pc-linux-impl.dir/src/cfe_psp_watchdog.c.o[0m
[35m|[0m [ 85%] [32mBuilding C object osal/ut_assert/CMakeFiles/ut_assert_pic.dir/src/utstubs.c.o[0m
[31m|[0m [ 98%] [32mBuilding C object cpu1/CMakeFiles/core-cpu1.dir/cfe_static_module_list.c.o[0m
[31m|[0m [ 98%] [32mBuilding C object cpu1/CMakeFiles/core-cpu1.dir/src/target_config.c.o[0m
[37m|[0m [ 60%] Built target psp-pc-linux-impl
[37m|[0m [35m[1mScanning dependencies of target psp-pc-linux-shared[0m
[37m|[0m [ 60%] [32mBuilding C object psp/pc-linux-shared/CMakeFiles/psp-pc-linux-shared.dir/src/cfe_psp_exceptionstorage.c.o[0m
[36m|[0m cf  core-cpu1
[36m[Deprecated Build, Test, and Run/Run-1               ] [0m  âœ…  Success - List cpu1
[31m|[0m [100%] [32m[1mLinking C executable core-cpu1[0m
[36m[Deprecated Build, Test, and Run/Run-1               ] [0mâ­  Run Run cFS
[37m|[0m [ 61%] [32mBuilding C object psp/pc-linux-shared/CMakeFiles/psp-pc-linux-shared.dir/src/cfe_psp_memrange.c.o[0m
[36m[Deprecated Build, Test, and Run/Run-1               ] [0m  ðŸ³  docker exec cmd=[bash --noprofile --norc -e -o pipefail /root/test/cFS/workflow/4] user=
[37m|[0m [ 61%] [32mBuilding C object psp/pc-linux-shared/CMakeFiles/psp-pc-linux-shared.dir/src/cfe_psp_memutils.c.o[0m
[31m|[0m [100%] Built target core-cpu1
[31m|[0m [100%] Built target native_default_cpu1-all
[31m|[0m [35m[1mScanning dependencies of target mission-all[0m
[37m|[0m [ 62%] [32mBuilding C object psp/pc-linux-shared/CMakeFiles/psp-pc-linux-shared.dir/src/cfe_psp_module.c.o[0m
[31m|[0m [35m[1mScanning dependencies of target cmdUtil[0m
[31m|[0m [ 14%] [32mBuilding C object tools/cFS-GroundSystem/Subsystems/cmdUtil/CMakeFiles/cmdUtil.dir/cmdUtil.c.o[0m
[37m|[0m [ 62%] [32mBuilding C object psp/pc-linux-shared/CMakeFiles/psp-pc-linux-shared.dir/src/cfe_psp_version.c.o[0m
[35m|[0m [ 85%] [32mBuilding C object osal/ut_assert/CMakeFiles/ut_assert_pic.dir/src/uttest.c.o[0m
[37m|[0m [ 62%] Built target psp-pc-linux-shared
[31m|[0m [ 28%] [32mBuilding C object tools/cFS-GroundSystem/Subsystems/cmdUtil/CMakeFiles/cmdUtil.dir/SendUdp.c.o[0m
[37m|[0m [35m[1mScanning dependencies of target soft_timebase[0m
[37m|[0m [ 64%] [32mBuilding C object psp/soft_timebase-pc-linux-impl/CMakeFiles/soft_timebase.dir/cfe_psp_soft_timebase.c.o[0m
[35m|[0m [ 87%] [32mBuilding C object osal/ut_assert/CMakeFiles/ut_assert_pic.dir/src/uttools.c.o[0m
[31m|[0m [ 42%] [32m[1mLinking C executable cmdUtil[0m
[37m|[0m [ 64%] [32m[1mLinking C static library libsoft_timebase.a[0m
[31m|[0m [ 42%] Built target cmdUtil
[37m|[0m [ 64%] Built target soft_timebase
[31m|[0m [ 71%] Built target elf2cfetbl
[37m|[0m [35m[1mScanning dependencies of target timebase_posix_clock[0m
[37m|[0m [ 65%] [32mBuilding C object psp/timebase_posix_clock-pc-linux-impl/CMakeFiles/timebase_posix_clock.dir/cfe_psp_timebase_posix_clock.c.o[0m
[35m|[0m [ 87%] Built target ut_assert_pic
[31m|[0m [35m[1mScanning dependencies of target cfe_ts_crc[0m
[35m|[0m [35m[1mScanning dependencies of target cfe_assert[0m
[31m|[0m [ 85%] [32mBuilding C object tools/tblCRCTool/CMakeFiles/cfe_ts_crc.dir/cfe_ts_crc.c.o[0m
[37m|[0m [ 65%] [32m[1mLinking C static library libtimebase_posix_clock.a[0m
[35m|[0m [ 87%] [32mBuilding C object apps/cfe_assert/CMakeFiles/cfe_assert.dir/src/cfe_assert_io.c.o[0m
[37m|[0m [ 65%] Built target timebase_posix_clock
[37m|[0m [35m[1mScanning dependencies of target eeprom_mmap_file[0m
[31m|[0m [100%] [32m[1mLinking C executable cfe_ts_crc[0m
[37m|[0m [ 65%] [32mBuilding C object psp/eeprom_mmap_file-pc-linux-impl/CMakeFiles/eeprom_mmap_file.dir/cfe_psp_eeprom_mmap_file.c.o[0m
[31m|[0m [100%] Built target cfe_ts_crc
[35m|[0m [ 87%] [32mBuilding C object apps/cfe_assert/CMakeFiles/cfe_assert.dir/src/cfe_assert_init.c.o[0m
[31m|[0m Built target mission-all
[31m[Deprecated Build, Test, and Run/Test-1              ] [0m  âœ…  Success - Make
[37m|[0m [ 66%] [32m[1mLinking C static library libeeprom_mmap_file.a[0m
[31m[Deprecated Build, Test, and Run/Test-1              ] [0mâ­  Run Run Tests
[35m|[0m [ 88%] [32mBuilding C object apps/cfe_assert/CMakeFiles/cfe_assert.dir/src/cfe_assert_runner.c.o[0m
[31m[Deprecated Build, Test, and Run/Test-1              ] [0m  ðŸ³  docker exec cmd=[bash --noprofile --norc -e -o pipefail /root/test/cFS/workflow/4] user=
[37m|[0m [ 66%] Built target eeprom_mmap_file
[37m|[0m [35m[1mScanning dependencies of target ram_notimpl[0m
[35m|[0m [ 88%] [32m[1mLinking C shared module cfe_assert.so[0m
[37m|[0m [ 67%] [32mBuilding C object psp/ram_notimpl-pc-linux-impl/CMakeFiles/ram_notimpl.dir/cfe_psp_ram_notimpl.c.o[0m
[35m|[0m [ 88%] Built target cfe_assert
[37m|[0m [ 67%] [32m[1mLinking C static library libram_notimpl.a[0m
[35m|[0m [35m[1mScanning dependencies of target cpu1_sampleAppTable_sample_app_tbl[0m
[35m|[0m [ 89%] [32mBuilding C object apps/sample_app/CMakeFiles/cpu1_sampleAppTable_sample_app_tbl.dir/fsw/tables/sample_app_tbl.c.o[0m
[37m|[0m [ 67%] Built target ram_notimpl
[35m|[0m [ 89%] [32m[1mLinking C static library libcpu1_sampleAppTable_sample_app_tbl.a[0m
[37m|[0m [35m[1mScanning dependencies of target psp-pc-linux[0m
[35m|[0m [ 89%] Built target cpu1_sampleAppTable_sample_app_tbl
[35m|[0m [35m[1mScanning dependencies of target sample_app[0m
[37m|[0m [ 69%] [32mBuilding C object psp/CMakeFiles/psp-pc-linux.dir/pc-linux_module_list.c.o[0m
[31m|[0m lcov --capture --initial --directory build/native/default_cpu1 --output-file build/native/default_cpu1/coverage_base.info
[35m|[0m [ 89%] [32mBuilding C object apps/sample_app/CMakeFiles/sample_app.dir/fsw/src/sample_app.c.o[0m
[37m|[0m [ 69%] [32m[1mLinking C static library libpsp-pc-linux.a[0m
[35m|[0m [ 91%] [32m[1mLinking C shared module sample_app.so[0m
[37m|[0m [ 69%] Built target psp-pc-linux
[37m|[0m [35m[1mScanning dependencies of target msg[0m
[37m|[0m [ 69%] [32mBuilding C object msg/CMakeFiles/msg.dir/fsw/src/cfe_msg_ccsdspri.c.o[0m
[35m|[0m [ 91%] Built target sample_app
[35m|[0m [35m[1mScanning dependencies of target cpu1_sampleAppTable_sample_app_tbl_tbl[0m
[35m|[0m [ 92%] [34m[1mGenerating cpu1_sampleAppTable_sample_app_tbl/sample_app_tbl.tbl[0m
[31m|[0m Capturing coverage data from build/native/default_cpu1
[35m|[0m Executing Process: /root/test/cFS/build/tools/elf2cfetbl/elf2cfetbl sample_app_tbl.c.o
[35m|[0m Successfully converted /root/test/cFS/build/native/default_cpu1/apps/sample_app/libcpu1_sampleAppTable_sample_app_tbl.a to a CFE table
[35m|[0m [ 92%] Built target cpu1_sampleAppTable_sample_app_tbl_tbl
[35m|[0m [35m[1mScanning dependencies of target sample_lib[0m
[35m|[0m [ 92%] [32mBuilding C object apps/sample_lib/CMakeFiles/sample_lib.dir/fsw/src/sample_lib.c.o[0m
[31m|[0m Found gcov version: 7.5.0
[31m|[0m Scanning build/native/default_cpu1 for .gcno files ...
[37m|[0m [ 70%] [32mBuilding C object msg/CMakeFiles/msg.dir/fsw/src/cfe_msg_init.c.o[0m
[31m|[0m geninfo: WARNING: no .gcno files found in build/native/default_cpu1 - skipping!
[31m|[0m Finished .info-file creation
[31m|[0m (cd build/native/default_cpu1 && ctest -O ctest.log)
[31m|[0m Test project /root/test/cFS/build/native/default_cpu1
[31m|[0m No tests were found!!!
[31m[Deprecated Build, Test, and Run/Test-1              ] [0m  âœ…  Success - Run Tests
[35m|[0m [ 93%] [32m[1mLinking C shared module sample_lib.so[0m
[37m|[0m [ 70%] [32mBuilding C object msg/CMakeFiles/msg.dir/fsw/src/cfe_msg_msgid_shared.c.o[0m
[35m|[0m [ 93%] Built target sample_lib
[35m|[0m [ 93%] [34m[1mGenerating cfe_build_env_table.c[0m
[35m|[0m [ 94%] [34m[1mGenerating cfe_module_version_table.c[0m
[37m|[0m [ 71%] [32mBuilding C object msg/CMakeFiles/msg.dir/fsw/src/cfe_msg_sechdr_checksum.c.o[0m
[35m|[0m [35m[1mScanning dependencies of target core-cpu1[0m
[35m|[0m [ 96%] [32mBuilding C object cpu1/CMakeFiles/core-cpu1.dir/root/test/cFS/build/src/cfe_mission_strings.c.o[0m
[37m|[0m [ 71%] [32mBuilding C object msg/CMakeFiles/msg.dir/fsw/src/cfe_msg_sechdr_fc.c.o[0m
[31m[Deprecated Build, Test, and Run/Test-1              ] [0mâ­  Run Check Coverage
[35m|[0m [ 96%] [32mBuilding C object cpu1/CMakeFiles/core-cpu1.dir/cfe_module_version_table.c.o[0m
[31m[Deprecated Build, Test, and Run/Test-1              ] [0m  ðŸ³  docker exec cmd=[bash --noprofile --norc -e -o pipefail /root/test/cFS/workflow/5] user=
[35m|[0m [ 97%] [32mBuilding C object cpu1/CMakeFiles/core-cpu1.dir/cfe_build_env_table.c.o[0m
[37m|[0m [ 73%] [32mBuilding C object msg/CMakeFiles/msg.dir/fsw/src/cfe_msg_sechdr_time.c.o[0m
[35m|[0m [ 97%] [32mBuilding C object cpu1/CMakeFiles/core-cpu1.dir/cfe_psp_module_list.c.o[0m
[35m|[0m [ 97%] [32mBuilding C object cpu1/CMakeFiles/core-cpu1.dir/cfe_static_symbol_list.c.o[0m
[37m|[0m [ 73%] [32mBuilding C object msg/CMakeFiles/msg.dir/fsw/src/cfe_msg_initdefaulthdr_pri.c.o[0m
[35m|[0m [ 98%] [32mBuilding C object cpu1/CMakeFiles/core-cpu1.dir/cfe_static_module_list.c.o[0m
[37m|[0m [ 74%] [32mBuilding C object msg/CMakeFiles/msg.dir/fsw/src/cfe_msg_msgid_v1.c.o[0m
[35m|[0m [ 98%] [32mBuilding C object cpu1/CMakeFiles/core-cpu1.dir/src/target_config.c.o[0m
[37m|[0m [ 74%] [32m[1mLinking C static library libmsg.a[0m
[35m|[0m [100%] [32m[1mLinking C executable core-cpu1[0m
[37m|[0m [ 74%] Built target msg
[37m|[0m [35m[1mScanning dependencies of target sbr[0m
[35m|[0m [100%] Built target core-cpu1
[31m|[0m lcov --capture --rc lcov_branch_coverage=1 --directory build/native/default_cpu1 --output-file build/native/default_cpu1/coverage_test.info
[35m|[0m [36mInstall the project...[0m
[37m|[0m [ 74%] [32mBuilding C object sbr/CMakeFiles/sbr.dir/fsw/src/cfe_sbr_map_direct.c.o[0m
[35m|[0m -- Install configuration: "release"
[35m|[0m -- Installing: /root/test/cFS/build/exe/cpu1/cf/cfe_es_startup.scr
[35m|[0m -- Installing: /root/test/cFS/build/exe/cpu1/cf/ci_lab.so
[35m|[0m -- Installing: /root/test/cFS/build/exe/cpu1/cf/to_lab.so
[35m|[0m -- Installing: /root/test/cFS/build/exe/cpu1/cf/to_lab_sub.tbl
[35m|[0m -- Installing: /root/test/cFS/build/exe/cpu1/cf/sch_lab.so
[35m|[0m -- Installing: /root/test/cFS/build/exe/cpu1/cf/sch_lab_table.tbl
[35m|[0m -- Installing: /root/test/cFS/build/exe/cpu1/cf/cfe_assert.so
[35m|[0m -- Installing: /root/test/cFS/build/exe/cpu1/cf/sample_app.so
[35m|[0m -- Installing: /root/test/cFS/build/exe/cpu1/cf/sample_app_tbl.tbl
[35m|[0m -- Installing: /root/test/cFS/build/exe/cpu1/cf/sample_lib.so
[35m|[0m -- Installing: /root/test/cFS/build/exe/cpu1/core-cpu1
[35m|[0m [100%] Built target native_default_cpu1-install
[35m|[0m [35m[1mScanning dependencies of target mission-install[0m
[31m|[0m Capturing coverage data from build/native/default_cpu1
[31m|[0m Found gcov version: 7.5.0
[31m|[0m Scanning build/native/default_cpu1 for .gcda files ...
[37m|[0m [ 75%] [32mBuilding C object sbr/CMakeFiles/sbr.dir/fsw/src/cfe_sbr_route_unsorted.c.o[0m
[31m|[0m geninfo: WARNING: no .gcda files found in build/native/default_cpu1 - skipping!
[31m|[0m Finished .info-file creation
[31m|[0m lcov --rc lcov_branch_coverage=1 --add-tracefile build/native/default_cpu1/coverage_base.info --add-tracefile build/native/default_cpu1/coverage_test.info --output-file build/native/default_cpu1/coverage_total.info
[35m|[0m [35m[1mScanning dependencies of target cmdUtil[0m
[35m|[0m [ 14%] [32mBuilding C object tools/cFS-GroundSystem/Subsystems/cmdUtil/CMakeFiles/cmdUtil.dir/cmdUtil.c.o[0m
[31m|[0m Combining tracefiles.
[31m|[0m Reading tracefile build/native/default_cpu1/coverage_base.info
[31m|[0m lcov: ERROR: no valid records found in tracefile build/native/default_cpu1/coverage_base.info
[31m|[0m Makefile:141: recipe for target 'lcov' failed
[31m|[0m make: *** [lcov] Error 255
[31m[Deprecated Build, Test, and Run/Test-1              ] [0m  âŒ  Failure - Check Coverage
[37m|[0m [ 75%] [32m[1mLinking C static library libsbr.a[0m
[37m|[0m [ 75%] Built target sbr
[37m|[0m [35m[1mScanning dependencies of target resourceid[0m
[37m|[0m [ 76%] [32mBuilding C object resourceid/CMakeFiles/resourceid.dir/fsw/src/cfe_resourceid_api.c.o[0m
[37m|[0m [ 76%] [32m[1mLinking C static library libresourceid.a[0m
[35m|[0m [ 28%] [32mBuilding C object tools/cFS-GroundSystem/Subsystems/cmdUtil/CMakeFiles/cmdUtil.dir/SendUdp.c.o[0m
[37m|[0m [ 76%] Built target resourceid
[37m|[0m [35m[1mScanning dependencies of target ci_lab[0m
[35m|[0m [ 42%] [32m[1mLinking C executable cmdUtil[0m
[37m|[0m [ 78%] [32mBuilding C object apps/ci_lab/CMakeFiles/ci_lab.dir/fsw/src/ci_lab_app.c.o[0m
[35m|[0m [ 42%] Built target cmdUtil
[35m|[0m [ 71%] Built target elf2cfetbl
[37m|[0m [ 78%] [32m[1mLinking C shared module ci_lab.so[0m
[35m|[0m [35m[1mScanning dependencies of target cfe_ts_crc[0m
[35m|[0m [ 85%] [32mBuilding C object tools/tblCRCTool/CMakeFiles/cfe_ts_crc.dir/cfe_ts_crc.c.o[0m
[37m|[0m [ 78%] Built target ci_lab
[37m|[0m [35m[1mScanning dependencies of target cpu1_TO_LAB_Subs_to_lab_sub[0m
[35m|[0m [100%] [32m[1mLinking C executable cfe_ts_crc[0m
[37m|[0m [ 78%] [32mBuilding C object apps/to_lab/CMakeFiles/cpu1_TO_LAB_Subs_to_lab_sub.dir/fsw/tables/to_lab_sub.c.o[0m
[35m|[0m [100%] Built target cfe_ts_crc
[37m|[0m [ 79%] [32m[1mLinking C static library libcpu1_TO_LAB_Subs_to_lab_sub.a[0m
[35m|[0m [36mInstall the project...[0m
[35m|[0m -- Install configuration: "release"
[35m|[0m -- Installing: /root/test/cFS/build/exe/host/cmdUtil
[35m|[0m -- Installing: /root/test/cFS/build/exe/host/elf2cfetbl
[35m|[0m -- Installing: /root/test/cFS/build/exe/host/cfe_ts_crc
[35m|[0m Built target mission-install
[37m|[0m [ 79%] Built target cpu1_TO_LAB_Subs_to_lab_sub
[35m[Deprecated Build, Test, and Run/Run-2               ] [0m  âœ…  Success - Make Install
[37m|[0m [35m[1mScanning dependencies of target to_lab[0m
[37m|[0m [ 80%] [32mBuilding C object apps/to_lab/CMakeFiles/to_lab.dir/fsw/src/to_lab_app.c.o[0m
[35m[Deprecated Build, Test, and Run/Run-2               ] [0mâ­  Run List cpu1
[35m[Deprecated Build, Test, and Run/Run-2               ] [0m  ðŸ³  docker exec cmd=[bash --noprofile --norc -e -o pipefail /root/test/cFS/workflow/3] user=
[37m|[0m [ 80%] [32m[1mLinking C shared module to_lab.so[0m
[37m|[0m [ 80%] Built target to_lab
[37m|[0m [35m[1mScanning dependencies of target cpu1_TO_LAB_Subs_to_lab_sub_tbl[0m
[37m|[0m [ 80%] [34m[1mGenerating cpu1_TO_LAB_Subs_to_lab_sub/to_lab_sub.tbl[0m
[37m|[0m Executing Process: /root/test/cFS/build/tools/elf2cfetbl/elf2cfetbl to_lab_sub.c.o
[37m|[0m Successfully converted /root/test/cFS/build/native/default_cpu1/apps/to_lab/libcpu1_TO_LAB_Subs_to_lab_sub.a to a CFE table
[37m|[0m [ 80%] Built target cpu1_TO_LAB_Subs_to_lab_sub_tbl
[37m|[0m [35m[1mScanning dependencies of target cpu1_sch_lab_table_sch_lab_table[0m
[37m|[0m [ 80%] [32mBuilding C object apps/sch_lab/CMakeFiles/cpu1_sch_lab_table_sch_lab_table.dir/fsw/tables/sch_lab_table.c.o[0m
[37m|[0m [ 80%] [32m[1mLinking C static library libcpu1_sch_lab_table_sch_lab_table.a[0m
[35m|[0m cf  core-cpu1
[35m[Deprecated Build, Test, and Run/Run-2               ] [0m  âœ…  Success - List cpu1
[37m|[0m [ 80%] Built target cpu1_sch_lab_table_sch_lab_table
[35m[Deprecated Build, Test, and Run/Run-2               ] [0mâ­  Run Run cFS
[37m|[0m [35m[1mScanning dependencies of target sch_lab[0m
[35m[Deprecated Build, Test, and Run/Run-2               ] [0m  ðŸ³  docker exec cmd=[bash --noprofile --norc -e -o pipefail /root/test/cFS/workflow/4] user=
[37m|[0m [ 82%] [32mBuilding C object apps/sch_lab/CMakeFiles/sch_lab.dir/fsw/src/sch_lab_app.c.o[0m
[37m|[0m [ 82%] [32m[1mLinking C shared module sch_lab.so[0m
[37m|[0m [ 82%] Built target sch_lab
[37m|[0m [35m[1mScanning dependencies of target cpu1_sch_lab_table_sch_lab_table_tbl[0m
[37m|[0m [ 83%] [34m[1mGenerating cpu1_sch_lab_table_sch_lab_table/sch_lab_table.tbl[0m
[37m|[0m Executing Process: /root/test/cFS/build/tools/elf2cfetbl/elf2cfetbl sch_lab_table.c.o
[37m|[0m Successfully converted /root/test/cFS/build/native/default_cpu1/apps/sch_lab/libcpu1_sch_lab_table_sch_lab_table.a to a CFE table
[37m|[0m [ 83%] Built target cpu1_sch_lab_table_sch_lab_table_tbl
[37m|[0m [35m[1mScanning dependencies of target ut_assert_pic[0m
[37m|[0m [ 84%] [32mBuilding C object osal/ut_assert/CMakeFiles/ut_assert_pic.dir/src/utassert.c.o[0m
[37m|[0m [ 84%] [32mBuilding C object osal/ut_assert/CMakeFiles/ut_assert_pic.dir/src/utlist.c.o[0m
[37m|[0m [ 85%] [32mBuilding C object osal/ut_assert/CMakeFiles/ut_assert_pic.dir/src/utstubs.c.o[0m
[37m|[0m [ 85%] [32mBuilding C object osal/ut_assert/CMakeFiles/ut_assert_pic.dir/src/uttest.c.o[0m
[37m|[0m [ 87%] [32mBuilding C object osal/ut_assert/CMakeFiles/ut_assert_pic.dir/src/uttools.c.o[0m
[37m|[0m [ 87%] Built target ut_assert_pic
[37m|[0m [35m[1mScanning dependencies of target cfe_assert[0m
[37m|[0m [ 87%] [32mBuilding C object apps/cfe_assert/CMakeFiles/cfe_assert.dir/src/cfe_assert_io.c.o[0m
[37m|[0m [ 87%] [32mBuilding C object apps/cfe_assert/CMakeFiles/cfe_assert.dir/src/cfe_assert_init.c.o[0m
[37m|[0m [ 88%] [32mBuilding C object apps/cfe_assert/CMakeFiles/cfe_assert.dir/src/cfe_assert_runner.c.o[0m
[37m|[0m [ 88%] [32m[1mLinking C shared module cfe_assert.so[0m
[37m|[0m [ 88%] Built target cfe_assert
[37m|[0m [35m[1mScanning dependencies of target cpu1_sampleAppTable_sample_app_tbl[0m
[37m|[0m [ 89%] [32mBuilding C object apps/sample_app/CMakeFiles/cpu1_sampleAppTable_sample_app_tbl.dir/fsw/tables/sample_app_tbl.c.o[0m
[37m|[0m [ 89%] [32m[1mLinking C static library libcpu1_sampleAppTable_sample_app_tbl.a[0m
[37m|[0m [ 89%] Built target cpu1_sampleAppTable_sample_app_tbl
[37m|[0m [35m[1mScanning dependencies of target sample_app[0m
[37m|[0m [ 89%] [32mBuilding C object apps/sample_app/CMakeFiles/sample_app.dir/fsw/src/sample_app.c.o[0m
[37m|[0m [ 91%] [32m[1mLinking C shared module sample_app.so[0m
[37m|[0m [ 91%] Built target sample_app
[37m|[0m [35m[1mScanning dependencies of target cpu1_sampleAppTable_sample_app_tbl_tbl[0m
[37m|[0m [ 92%] [34m[1mGenerating cpu1_sampleAppTable_sample_app_tbl/sample_app_tbl.tbl[0m
[37m|[0m Executing Process: /root/test/cFS/build/tools/elf2cfetbl/elf2cfetbl sample_app_tbl.c.o
[37m|[0m Successfully converted /root/test/cFS/build/native/default_cpu1/apps/sample_app/libcpu1_sampleAppTable_sample_app_tbl.a to a CFE table
[37m|[0m [ 92%] Built target cpu1_sampleAppTable_sample_app_tbl_tbl
[37m|[0m [35m[1mScanning dependencies of target sample_lib[0m
[37m|[0m [ 92%] [32mBuilding C object apps/sample_lib/CMakeFiles/sample_lib.dir/fsw/src/sample_lib.c.o[0m
[37m|[0m [ 93%] [32m[1mLinking C shared module sample_lib.so[0m
[37m|[0m [ 93%] Built target sample_lib
[37m|[0m [ 93%] [34m[1mGenerating cfe_build_env_table.c[0m
[37m|[0m [ 94%] [34m[1mGenerating cfe_module_version_table.c[0m
[37m|[0m [35m[1mScanning dependencies of target core-cpu1[0m
[37m|[0m [ 96%] [32mBuilding C object cpu1/CMakeFiles/core-cpu1.dir/root/test/cFS/build/src/cfe_mission_strings.c.o[0m
[37m|[0m [ 96%] [32mBuilding C object cpu1/CMakeFiles/core-cpu1.dir/cfe_module_version_table.c.o[0m
[37m|[0m [ 97%] [32mBuilding C object cpu1/CMakeFiles/core-cpu1.dir/cfe_build_env_table.c.o[0m
[37m|[0m [ 97%] [32mBuilding C object cpu1/CMakeFiles/core-cpu1.dir/cfe_psp_module_list.c.o[0m
[37m|[0m [ 97%] [32mBuilding C object cpu1/CMakeFiles/core-cpu1.dir/cfe_static_symbol_list.c.o[0m
[37m|[0m [ 98%] [32mBuilding C object cpu1/CMakeFiles/core-cpu1.dir/cfe_static_module_list.c.o[0m
[37m|[0m [ 98%] [32mBuilding C object cpu1/CMakeFiles/core-cpu1.dir/src/target_config.c.o[0m
[37m|[0m [100%] [32m[1mLinking C executable core-cpu1[0m
[37m|[0m [100%] Built target core-cpu1
[37m|[0m [100%] Built target native_default_cpu1-all
[37m|[0m [35m[1mScanning dependencies of target mission-all[0m
[37m|[0m [35m[1mScanning dependencies of target cmdUtil[0m
[37m|[0m [ 14%] [32mBuilding C object tools/cFS-GroundSystem/Subsystems/cmdUtil/CMakeFiles/cmdUtil.dir/cmdUtil.c.o[0m
[37m|[0m [ 28%] [32mBuilding C object tools/cFS-GroundSystem/Subsystems/cmdUtil/CMakeFiles/cmdUtil.dir/SendUdp.c.o[0m
[37m|[0m [ 42%] [32m[1mLinking C executable cmdUtil[0m
[37m|[0m [ 42%] Built target cmdUtil
[37m|[0m [ 71%] Built target elf2cfetbl
[37m|[0m [35m[1mScanning dependencies of target cfe_ts_crc[0m
[37m|[0m [ 85%] [32mBuilding C object tools/tblCRCTool/CMakeFiles/cfe_ts_crc.dir/cfe_ts_crc.c.o[0m
[37m|[0m [100%] [32m[1mLinking C executable cfe_ts_crc[0m
[37m|[0m [100%] Built target cfe_ts_crc
[37m|[0m Built target mission-all
[37m[Deprecated Build, Test, and Run/Test-2              ] [0m  âœ…  Success - Make
[37m[Deprecated Build, Test, and Run/Test-2              ] [0mâ­  Run Run Tests
[37m[Deprecated Build, Test, and Run/Test-2              ] [0m  ðŸ³  docker exec cmd=[bash --noprofile --norc -e -o pipefail /root/test/cFS/workflow/4] user=
[37m|[0m lcov --capture --initial --directory build/native/default_cpu1 --output-file build/native/default_cpu1/coverage_base.info
[37m|[0m Capturing coverage data from build/native/default_cpu1
[37m|[0m Found gcov version: 7.5.0
[37m|[0m Scanning build/native/default_cpu1 for .gcno files ...
[37m|[0m geninfo: WARNING: no .gcno files found in build/native/default_cpu1 - skipping!
[37m|[0m Finished .info-file creation
[37m|[0m (cd build/native/default_cpu1 && ctest -O ctest.log)
[37m|[0m Test project /root/test/cFS/build/native/default_cpu1
[37m|[0m No tests were found!!!
[37m[Deprecated Build, Test, and Run/Test-2              ] [0m  âœ…  Success - Run Tests
[37m[Deprecated Build, Test, and Run/Test-2              ] [0mâ­  Run Check Coverage
[37m[Deprecated Build, Test, and Run/Test-2              ] [0m  ðŸ³  docker exec cmd=[bash --noprofile --norc -e -o pipefail /root/test/cFS/workflow/5] user=
[37m|[0m lcov --capture --rc lcov_branch_coverage=1 --directory build/native/default_cpu1 --output-file build/native/default_cpu1/coverage_test.info
[37m|[0m Capturing coverage data from build/native/default_cpu1
[37m|[0m Found gcov version: 7.5.0
[37m|[0m Scanning build/native/default_cpu1 for .gcda files ...
[37m|[0m geninfo: WARNING: no .gcda files found in build/native/default_cpu1 - skipping!
[37m|[0m Finished .info-file creation
[37m|[0m lcov --rc lcov_branch_coverage=1 --add-tracefile build/native/default_cpu1/coverage_base.info --add-tracefile build/native/default_cpu1/coverage_test.info --output-file build/native/default_cpu1/coverage_total.info
[37m|[0m Combining tracefiles.
[37m|[0m Reading tracefile build/native/default_cpu1/coverage_base.info
[37m|[0m lcov: ERROR: no valid records found in tracefile build/native/default_cpu1/coverage_base.info
[37m|[0m Makefile:141: recipe for target 'lcov' failed
[37m|[0m make: *** [lcov] Error 255
[37m[Deprecated Build, Test, and Run/Test-2              ] [0m  âŒ  Failure - Check Coverage
[36m|[0m /root/test/cFS/workflow/4: line 3:  1658 Aborted                 (core dumped) ./core-cpu1 > cFS_startup_cpu1.txt
[36m|[0m sending data to '127.0.0.1' (IP : 127.0.0.1); port 1234
[36m|[0m Data to send:
[36m|[0m 0x18 0x06 0xC0 0x00 0x00 0x03 0x02 0x22 
[36m|[0m 0x02 0x00 
[36m[Deprecated Build, Test, and Run/Run-1               ] [0m  âœ…  Success - Run cFS
[36m[Deprecated Build, Test, and Run/Run-1               ] [0mâ­  Run Check for cFS Warnings
[36m[Deprecated Build, Test, and Run/Run-1               ] [0m  ðŸ³  docker exec cmd=[bash --noprofile --norc -e -o pipefail /root/test/cFS/workflow/6] user=
[36m|[0m Must resolve warn|err|fail in cFS startup before submitting a pull request
[36m|[0m 
[36m|[0m OS_QueueCreate_Impl():123:OS_QueueCreate Error. errno = 22 (Invalid argument)
[36m|[0m 1980-012-14:03:20.06749 EVS:Call to CFE_SB_CreatePipe Failed:RC=0xCA000005
[36m|[0m 1980-012-14:03:20.06750 EVS:Application Init Failed,RC=0xCA000005
[36m|[0m 1980-012-14:03:20.06750 CFE_ES_ExitApp: CORE Application CFE_EVS Had an Init Error.
[36m[Deprecated Build, Test, and Run/Run-1               ] [0m  âŒ  Failure - Check for cFS Warnings
[35m|[0m /root/test/cFS/workflow/4: line 3:  1652 Aborted                 (core dumped) ./core-cpu1 > cFS_startup_cpu1.txt
[35m|[0m sending data to '127.0.0.1' (IP : 127.0.0.1); port 1234
[35m|[0m Data to send:
[35m|[0m 0x18 0x06 0xC0 0x00 0x00 0x03 0x02 0x22 
[35m|[0m 0x02 0x00 
[35m[Deprecated Build, Test, and Run/Run-2               ] [0m  âœ…  Success - Run cFS
[35m[Deprecated Build, Test, and Run/Run-2               ] [0mâ­  Run Check for cFS Warnings
[35m[Deprecated Build, Test, and Run/Run-2               ] [0m  ðŸ³  docker exec cmd=[bash --noprofile --norc -e -o pipefail /root/test/cFS/workflow/6] user=
[35m|[0m Must resolve warn|err|fail in cFS startup before submitting a pull request
[35m|[0m 
[35m|[0m OS_QueueCreate_Impl():123:OS_QueueCreate Error. errno = 22 (Invalid argument)
[35m|[0m 1980-012-14:03:20.05211 EVS:Call to CFE_SB_CreatePipe Failed:RC=0xCA000005
[35m|[0m 1980-012-14:03:20.05212 EVS:Application Init Failed,RC=0xCA000005
[35m|[0m 1980-012-14:03:20.05213 CFE_ES_ExitApp: CORE Application CFE_EVS Had an Init Error.
[35m[Deprecated Build, Test, and Run/Run-2               ] [0m  âŒ  Failure - Check for cFS Warnings
Error: exit with `FAILURE`: 2
